[0.030s] Invoking command in '/home/rover/Desktop/Robocolumbus2025/colombus_ws/build/columbus_nav': CMAKE_PREFIX_PATH=${CMAKE_PREFIX_PATH}:/opt/ros/humble /usr/bin/cmake /home/rover/Desktop/Robocolumbus2025/colombus_ws/src/columbus_nav -DAMENT_CMAKE_SYMLINK_INSTALL=1 -DCMAKE_INSTALL_PREFIX=/home/rover/Desktop/Robocolumbus2025/colombus_ws/install/columbus_nav
[0.165s] -- The C compiler identification is GNU 11.4.0
[0.285s] -- The CXX compiler identification is GNU 11.4.0
[0.300s] -- Detecting C compiler ABI info
[0.436s] -- Detecting C compiler ABI info - done
[0.447s] -- Check for working C compiler: /usr/bin/cc - skipped
[0.449s] -- Detecting C compile features
[0.450s] -- Detecting C compile features - done
[0.458s] -- Detecting CXX compiler ABI info
[0.631s] -- Detecting CXX compiler ABI info - done
[0.646s] -- Check for working CXX compiler: /usr/bin/c++ - skipped
[0.647s] -- Detecting CXX compile features
[0.649s] -- Detecting CXX compile features - done
[0.657s] -- Found ament_cmake: 1.3.12 (/opt/ros/humble/share/ament_cmake/cmake)
[0.967s] -- Found Python3: /usr/bin/python3 (found version "3.10.12") found components: Interpreter 
[1.089s] -- Override CMake install command with custom implementation using symlinks instead of copying resources
[1.146s] -- Found ament_lint_auto: 0.12.14 (/opt/ros/humble/share/ament_lint_auto/cmake)
[1.284s] -- Configuring done
[1.293s] -- Generating done
[1.305s] -- Build files have been written to: /home/rover/Desktop/Robocolumbus2025/colombus_ws/build/columbus_nav
[1.327s] Invoked command in '/home/rover/Desktop/Robocolumbus2025/colombus_ws/build/columbus_nav' returned '0': CMAKE_PREFIX_PATH=${CMAKE_PREFIX_PATH}:/opt/ros/humble /usr/bin/cmake /home/rover/Desktop/Robocolumbus2025/colombus_ws/src/columbus_nav -DAMENT_CMAKE_SYMLINK_INSTALL=1 -DCMAKE_INSTALL_PREFIX=/home/rover/Desktop/Robocolumbus2025/colombus_ws/install/columbus_nav
[1.328s] Invoking command in '/home/rover/Desktop/Robocolumbus2025/colombus_ws/build/columbus_nav': CMAKE_PREFIX_PATH=${CMAKE_PREFIX_PATH}:/opt/ros/humble /usr/bin/cmake --build /home/rover/Desktop/Robocolumbus2025/colombus_ws/build/columbus_nav -- -j8 -l8
[1.403s] Invoked command in '/home/rover/Desktop/Robocolumbus2025/colombus_ws/build/columbus_nav' returned '0': CMAKE_PREFIX_PATH=${CMAKE_PREFIX_PATH}:/opt/ros/humble /usr/bin/cmake --build /home/rover/Desktop/Robocolumbus2025/colombus_ws/build/columbus_nav -- -j8 -l8
[1.407s] Invoking command in '/home/rover/Desktop/Robocolumbus2025/colombus_ws/build/columbus_nav': CMAKE_PREFIX_PATH=${CMAKE_PREFIX_PATH}:/opt/ros/humble /usr/bin/cmake --install /home/rover/Desktop/Robocolumbus2025/colombus_ws/build/columbus_nav
[1.420s] -- Install configuration: ""
[1.421s] -- Execute custom install script
[1.422s] -- Symlinking: /home/rover/Desktop/Robocolumbus2025/colombus_ws/install/columbus_nav/share/columbus_nav/launch/nav2.launch.py
[1.445s] [31mCMake Error at ament_cmake_symlink_install/ament_cmake_symlink_install.cmake:100 (message):
[1.446s]   ament_cmake_symlink_install_directory() can't find
[1.446s]   '/home/rover/Desktop/Robocolumbus2025/colombus_ws/src/columbus_nav/maps'
[1.446s] Call Stack (most recent call first):
[1.446s]   ament_cmake_symlink_install/ament_cmake_symlink_install.cmake:314 (ament_cmake_symlink_install_directory)
[1.446s]   cmake_install.cmake:46 (include)
[1.446s] 
[1.446s] [0m
[1.453s] Invoked command in '/home/rover/Desktop/Robocolumbus2025/colombus_ws/build/columbus_nav' returned '1': CMAKE_PREFIX_PATH=${CMAKE_PREFIX_PATH}:/opt/ros/humble /usr/bin/cmake --install /home/rover/Desktop/Robocolumbus2025/colombus_ws/build/columbus_nav
