-- Found ament_cmake: 1.3.12 (/opt/ros/humble/share/ament_cmake/cmake)
-- Override CMake install command with custom implementation using symlinks instead of copying resources
-- Found ament_lint_auto: 0.12.14 (/opt/ros/humble/share/ament_lint_auto/cmake)
-- Configuring done
-- Generating done
-- Build files have been written to: /home/rover/Desktop/Robocolumbus2025/colombus_ws/build/columbus_nav
-- Install configuration: ""
-- Execute custom install script
-- Symlinking: /home/rover/Desktop/Robocolumbus2025/colombus_ws/install/columbus_nav/share/ament_index/resource_index/package_run_dependencies/columbus_nav
-- Symlinking: /home/rover/Desktop/Robocolumbus2025/colombus_ws/install/columbus_nav/share/ament_index/resource_index/parent_prefix_path/columbus_nav
-- Symlinking: /home/rover/Desktop/Robocolumbus2025/colombus_ws/install/columbus_nav/share/columbus_nav/environment/ament_prefix_path.sh
-- Symlinking: /home/rover/Desktop/Robocolumbus2025/colombus_ws/install/columbus_nav/share/columbus_nav/environment/ament_prefix_path.dsv
-- Symlinking: /home/rover/Desktop/Robocolumbus2025/colombus_ws/install/columbus_nav/share/columbus_nav/environment/path.sh
-- Symlinking: /home/rover/Desktop/Robocolumbus2025/colombus_ws/install/columbus_nav/share/columbus_nav/environment/path.dsv
-- Symlinking: /home/rover/Desktop/Robocolumbus2025/colombus_ws/install/columbus_nav/share/columbus_nav/local_setup.bash
-- Symlinking: /home/rover/Desktop/Robocolumbus2025/colombus_ws/install/columbus_nav/share/columbus_nav/local_setup.sh
-- Symlinking: /home/rover/Desktop/Robocolumbus2025/colombus_ws/install/columbus_nav/share/columbus_nav/local_setup.zsh
-- Symlinking: /home/rover/Desktop/Robocolumbus2025/colombus_ws/install/columbus_nav/share/columbus_nav/local_setup.dsv
-- Symlinking: /home/rover/Desktop/Robocolumbus2025/colombus_ws/install/columbus_nav/share/columbus_nav/package.dsv
-- Symlinking: /home/rover/Desktop/Robocolumbus2025/colombus_ws/install/columbus_nav/share/ament_index/resource_index/packages/columbus_nav
-- Symlinking: /home/rover/Desktop/Robocolumbus2025/colombus_ws/install/columbus_nav/share/columbus_nav/cmake/columbus_navConfig.cmake
-- Symlinking: /home/rover/Desktop/Robocolumbus2025/colombus_ws/install/columbus_nav/share/columbus_nav/cmake/columbus_navConfig-version.cmake
-- Symlinking: /home/rover/Desktop/Robocolumbus2025/colombus_ws/install/columbus_nav/share/columbus_nav/package.xml
