[0.031s] Invoking command in '/home/rover/Desktop/Robocolumbus2025/colombus_ws/build/columbus_nav': CMAKE_PREFIX_PATH=${CMAKE_PREFIX_PATH}:/opt/ros/humble /usr/bin/cmake --build /home/rover/Desktop/Robocolumbus2025/colombus_ws/build/columbus_nav -- -j8 -l8
[0.079s] -- Found ament_cmake: 1.3.12 (/opt/ros/humble/share/ament_cmake/cmake)
[0.353s] -- Override CMake install command with custom implementation using symlinks instead of copying resources
[0.366s] -- Found ament_lint_auto: 0.12.14 (/opt/ros/humble/share/ament_lint_auto/cmake)
[0.495s] -- Configuring done
[0.500s] -- Generating done
[0.503s] -- Build files have been written to: /home/rover/Desktop/Robocolumbus2025/colombus_ws/build/columbus_nav
[0.548s] Invoked command in '/home/rover/Desktop/Robocolumbus2025/colombus_ws/build/columbus_nav' returned '0': CMAKE_PREFIX_PATH=${CMAKE_PREFIX_PATH}:/opt/ros/humble /usr/bin/cmake --build /home/rover/Desktop/Robocolumbus2025/colombus_ws/build/columbus_nav -- -j8 -l8
[0.551s] Invoking command in '/home/rover/Desktop/Robocolumbus2025/colombus_ws/build/columbus_nav': CMAKE_PREFIX_PATH=${CMAKE_PREFIX_PATH}:/opt/ros/humble /usr/bin/cmake --install /home/rover/Desktop/Robocolumbus2025/colombus_ws/build/columbus_nav
[0.566s] -- Install configuration: ""
[0.566s] -- Execute custom install script
[0.566s] -- Symlinking: /home/rover/Desktop/Robocolumbus2025/colombus_ws/install/columbus_nav/share/ament_index/resource_index/package_run_dependencies/columbus_nav
[0.586s] -- Symlinking: /home/rover/Desktop/Robocolumbus2025/colombus_ws/install/columbus_nav/share/ament_index/resource_index/parent_prefix_path/columbus_nav
[0.603s] -- Symlinking: /home/rover/Desktop/Robocolumbus2025/colombus_ws/install/columbus_nav/share/columbus_nav/environment/ament_prefix_path.sh
[0.622s] -- Symlinking: /home/rover/Desktop/Robocolumbus2025/colombus_ws/install/columbus_nav/share/columbus_nav/environment/ament_prefix_path.dsv
[0.642s] -- Symlinking: /home/rover/Desktop/Robocolumbus2025/colombus_ws/install/columbus_nav/share/columbus_nav/environment/path.sh
[0.661s] -- Symlinking: /home/rover/Desktop/Robocolumbus2025/colombus_ws/install/columbus_nav/share/columbus_nav/environment/path.dsv
[0.679s] -- Symlinking: /home/rover/Desktop/Robocolumbus2025/colombus_ws/install/columbus_nav/share/columbus_nav/local_setup.bash
[0.696s] -- Symlinking: /home/rover/Desktop/Robocolumbus2025/colombus_ws/install/columbus_nav/share/columbus_nav/local_setup.sh
[0.714s] -- Symlinking: /home/rover/Desktop/Robocolumbus2025/colombus_ws/install/columbus_nav/share/columbus_nav/local_setup.zsh
[0.730s] -- Symlinking: /home/rover/Desktop/Robocolumbus2025/colombus_ws/install/columbus_nav/share/columbus_nav/local_setup.dsv
[0.749s] -- Symlinking: /home/rover/Desktop/Robocolumbus2025/colombus_ws/install/columbus_nav/share/columbus_nav/package.dsv
[0.769s] -- Symlinking: /home/rover/Desktop/Robocolumbus2025/colombus_ws/install/columbus_nav/share/ament_index/resource_index/packages/columbus_nav
[0.789s] -- Symlinking: /home/rover/Desktop/Robocolumbus2025/colombus_ws/install/columbus_nav/share/columbus_nav/cmake/columbus_navConfig.cmake
[0.811s] -- Symlinking: /home/rover/Desktop/Robocolumbus2025/colombus_ws/install/columbus_nav/share/columbus_nav/cmake/columbus_navConfig-version.cmake
[0.829s] -- Symlinking: /home/rover/Desktop/Robocolumbus2025/colombus_ws/install/columbus_nav/share/columbus_nav/package.xml
[0.861s] Invoked command in '/home/rover/Desktop/Robocolumbus2025/colombus_ws/build/columbus_nav' returned '0': CMAKE_PREFIX_PATH=${CMAKE_PREFIX_PATH}:/opt/ros/humble /usr/bin/cmake --install /home/rover/Desktop/Robocolumbus2025/colombus_ws/build/columbus_nav
