[0.023s] Invoking command in '/home/rover/Desktop/Robocolumbus2025/colombus_ws/build/columbus_gz': CMAKE_PREFIX_PATH=/opt/ros/humble /usr/bin/cmake --build /home/rover/Desktop/Robocolumbus2025/colombus_ws/build/columbus_gz -- -j8 -l8
[0.100s] Invoked command in '/home/rover/Desktop/Robocolumbus2025/colombus_ws/build/columbus_gz' returned '0': CMAKE_PREFIX_PATH=/opt/ros/humble /usr/bin/cmake --build /home/rover/Desktop/Robocolumbus2025/colombus_ws/build/columbus_gz -- -j8 -l8
[0.119s] Invoking command in '/home/rover/Desktop/Robocolumbus2025/colombus_ws/build/columbus_gz': CMAKE_PREFIX_PATH=/opt/ros/humble /usr/bin/cmake --install /home/rover/Desktop/Robocolumbus2025/colombus_ws/build/columbus_gz
[0.137s] -- Install configuration: ""
[0.138s] -- Execute custom install script
[0.138s] -- Up-to-date symlink: /home/rover/Desktop/Robocolumbus2025/colombus_ws/install/columbus_gz/share/ament_index/resource_index/package_run_dependencies/columbus_gz
[0.138s] -- Up-to-date symlink: /home/rover/Desktop/Robocolumbus2025/colombus_ws/install/columbus_gz/share/ament_index/resource_index/parent_prefix_path/columbus_gz
[0.138s] -- Up-to-date symlink: /home/rover/Desktop/Robocolumbus2025/colombus_ws/install/columbus_gz/share/columbus_gz/environment/ament_prefix_path.sh
[0.139s] -- Up-to-date symlink: /home/rover/Desktop/Robocolumbus2025/colombus_ws/install/columbus_gz/share/columbus_gz/environment/ament_prefix_path.dsv
[0.139s] -- Up-to-date symlink: /home/rover/Desktop/Robocolumbus2025/colombus_ws/install/columbus_gz/share/columbus_gz/environment/path.sh
[0.139s] -- Up-to-date symlink: /home/rover/Desktop/Robocolumbus2025/colombus_ws/install/columbus_gz/share/columbus_gz/environment/path.dsv
[0.139s] -- Up-to-date symlink: /home/rover/Desktop/Robocolumbus2025/colombus_ws/install/columbus_gz/share/columbus_gz/local_setup.bash
[0.139s] -- Up-to-date symlink: /home/rover/Desktop/Robocolumbus2025/colombus_ws/install/columbus_gz/share/columbus_gz/local_setup.sh
[0.140s] -- Up-to-date symlink: /home/rover/Desktop/Robocolumbus2025/colombus_ws/install/columbus_gz/share/columbus_gz/local_setup.zsh
[0.140s] -- Up-to-date symlink: /home/rover/Desktop/Robocolumbus2025/colombus_ws/install/columbus_gz/share/columbus_gz/local_setup.dsv
[0.140s] -- Symlinking: /home/rover/Desktop/Robocolumbus2025/colombus_ws/install/columbus_gz/share/columbus_gz/package.dsv
[0.157s] -- Up-to-date symlink: /home/rover/Desktop/Robocolumbus2025/colombus_ws/install/columbus_gz/share/ament_index/resource_index/packages/columbus_gz
[0.158s] -- Up-to-date symlink: /home/rover/Desktop/Robocolumbus2025/colombus_ws/install/columbus_gz/share/columbus_gz/cmake/columbus_gzConfig.cmake
[0.158s] -- Up-to-date symlink: /home/rover/Desktop/Robocolumbus2025/colombus_ws/install/columbus_gz/share/columbus_gz/cmake/columbus_gzConfig-version.cmake
[0.158s] -- Up-to-date symlink: /home/rover/Desktop/Robocolumbus2025/colombus_ws/install/columbus_gz/share/columbus_gz/package.xml
[0.162s] Invoked command in '/home/rover/Desktop/Robocolumbus2025/colombus_ws/build/columbus_gz' returned '0': CMAKE_PREFIX_PATH=/opt/ros/humble /usr/bin/cmake --install /home/rover/Desktop/Robocolumbus2025/colombus_ws/build/columbus_gz
