[0.216s] DEBUG:colcon:Command line arguments: ['/usr/bin/colcon', 'build', '--symlink-install']
[0.216s] DEBUG:colcon:Parsed command line arguments: Namespace(log_base=None, log_level=None, verb_name='build', build_base='build', install_base='install', merge_install=False, symlink_install=True, test_result_base=None, continue_on_error=False, executor='parallel', parallel_workers=8, event_handlers=None, ignore_user_meta=False, metas=['./colcon.meta'], base_paths=['.'], packages_ignore=None, packages_ignore_regex=None, paths=None, packages_up_to=None, packages_up_to_regex=None, packages_above=None, packages_above_and_dependencies=None, packages_above_depth=None, packages_select_by_dep=None, packages_skip_by_dep=None, packages_skip_up_to=None, packages_select_build_failed=False, packages_skip_build_finished=False, packages_select_test_failures=False, packages_skip_test_passed=False, packages_select=None, packages_skip=None, packages_select_regex=None, packages_skip_regex=None, packages_start=None, packages_end=None, allow_overriding=[], cmake_args=None, cmake_target=None, cmake_target_skip_unavailable=False, cmake_clean_cache=False, cmake_clean_first=False, cmake_force_configure=False, ament_cmake_args=None, catkin_cmake_args=None, catkin_skip_building_tests=False, mixin_files=None, mixin=None, verb_parser=<colcon_mixin.mixin.mixin_argument.MixinArgumentDecorator object at 0xffff9818b700>, verb_extension=<colcon_core.verb.build.BuildVerb object at 0xffff9818ae90>, main=<bound method BuildVerb.main of <colcon_core.verb.build.BuildVerb object at 0xffff9818ae90>>, mixin_verb=('build',))
[0.552s] Level 1:colcon.colcon_core.package_discovery:discover_packages(colcon_meta) check parameters
[0.552s] Level 1:colcon.colcon_core.package_discovery:discover_packages(recursive) check parameters
[0.553s] Level 1:colcon.colcon_core.package_discovery:discover_packages(ignore) check parameters
[0.553s] Level 1:colcon.colcon_core.package_discovery:discover_packages(path) check parameters
[0.553s] Level 1:colcon.colcon_core.package_discovery:discover_packages(colcon_meta) discover
[0.553s] Level 1:colcon.colcon_core.package_discovery:discover_packages(recursive) discover
[0.553s] INFO:colcon.colcon_core.package_discovery:Crawling recursively for packages in '/home/rover/Desktop/Robocolumbus2025/colombus_ws'
[0.553s] Level 1:colcon.colcon_core.package_identification:_identify(.) by extensions ['ignore', 'ignore_ament_install']
[0.553s] Level 1:colcon.colcon_core.package_identification:_identify(.) by extension 'ignore'
[0.553s] Level 1:colcon.colcon_core.package_identification:_identify(.) by extension 'ignore_ament_install'
[0.554s] Level 1:colcon.colcon_core.package_identification:_identify(.) by extensions ['colcon_pkg']
[0.554s] Level 1:colcon.colcon_core.package_identification:_identify(.) by extension 'colcon_pkg'
[0.554s] Level 1:colcon.colcon_core.package_identification:_identify(.) by extensions ['colcon_meta']
[0.554s] Level 1:colcon.colcon_core.package_identification:_identify(.) by extension 'colcon_meta'
[0.554s] Level 1:colcon.colcon_core.package_identification:_identify(.) by extensions ['ros']
[0.554s] Level 1:colcon.colcon_core.package_identification:_identify(.) by extension 'ros'
[0.579s] Level 1:colcon.colcon_core.package_identification:_identify(.) by extensions ['cmake', 'python']
[0.579s] Level 1:colcon.colcon_core.package_identification:_identify(.) by extension 'cmake'
[0.579s] Level 1:colcon.colcon_core.package_identification:_identify(.) by extension 'python'
[0.579s] Level 1:colcon.colcon_core.package_identification:_identify(.) by extensions ['python_setup_py']
[0.580s] Level 1:colcon.colcon_core.package_identification:_identify(.) by extension 'python_setup_py'
[0.580s] Level 1:colcon.colcon_core.package_identification:_identify(build) by extensions ['ignore', 'ignore_ament_install']
[0.580s] Level 1:colcon.colcon_core.package_identification:_identify(build) by extension 'ignore'
[0.580s] Level 1:colcon.colcon_core.package_identification:_identify(build) ignored
[0.580s] Level 1:colcon.colcon_core.package_identification:_identify(install) by extensions ['ignore', 'ignore_ament_install']
[0.581s] Level 1:colcon.colcon_core.package_identification:_identify(install) by extension 'ignore'
[0.581s] Level 1:colcon.colcon_core.package_identification:_identify(install) ignored
[0.581s] Level 1:colcon.colcon_core.package_identification:_identify(log) by extensions ['ignore', 'ignore_ament_install']
[0.581s] Level 1:colcon.colcon_core.package_identification:_identify(log) by extension 'ignore'
[0.581s] Level 1:colcon.colcon_core.package_identification:_identify(log) ignored
[0.581s] Level 1:colcon.colcon_core.package_identification:_identify(robot_config) by extensions ['ignore', 'ignore_ament_install']
[0.581s] Level 1:colcon.colcon_core.package_identification:_identify(robot_config) by extension 'ignore'
[0.581s] Level 1:colcon.colcon_core.package_identification:_identify(robot_config) by extension 'ignore_ament_install'
[0.582s] Level 1:colcon.colcon_core.package_identification:_identify(robot_config) by extensions ['colcon_pkg']
[0.582s] Level 1:colcon.colcon_core.package_identification:_identify(robot_config) by extension 'colcon_pkg'
[0.582s] Level 1:colcon.colcon_core.package_identification:_identify(robot_config) by extensions ['colcon_meta']
[0.582s] Level 1:colcon.colcon_core.package_identification:_identify(robot_config) by extension 'colcon_meta'
[0.582s] Level 1:colcon.colcon_core.package_identification:_identify(robot_config) by extensions ['ros']
[0.582s] Level 1:colcon.colcon_core.package_identification:_identify(robot_config) by extension 'ros'
[0.582s] Level 1:colcon.colcon_core.package_identification:_identify(robot_config) by extensions ['cmake', 'python']
[0.582s] Level 1:colcon.colcon_core.package_identification:_identify(robot_config) by extension 'cmake'
[0.582s] Level 1:colcon.colcon_core.package_identification:_identify(robot_config) by extension 'python'
[0.582s] Level 1:colcon.colcon_core.package_identification:_identify(robot_config) by extensions ['python_setup_py']
[0.582s] Level 1:colcon.colcon_core.package_identification:_identify(robot_config) by extension 'python_setup_py'
[0.582s] Level 1:colcon.colcon_core.package_identification:_identify(src) by extensions ['ignore', 'ignore_ament_install']
[0.583s] Level 1:colcon.colcon_core.package_identification:_identify(src) by extension 'ignore'
[0.583s] Level 1:colcon.colcon_core.package_identification:_identify(src) by extension 'ignore_ament_install'
[0.583s] Level 1:colcon.colcon_core.package_identification:_identify(src) by extensions ['colcon_pkg']
[0.583s] Level 1:colcon.colcon_core.package_identification:_identify(src) by extension 'colcon_pkg'
[0.583s] Level 1:colcon.colcon_core.package_identification:_identify(src) by extensions ['colcon_meta']
[0.583s] Level 1:colcon.colcon_core.package_identification:_identify(src) by extension 'colcon_meta'
[0.583s] Level 1:colcon.colcon_core.package_identification:_identify(src) by extensions ['ros']
[0.583s] Level 1:colcon.colcon_core.package_identification:_identify(src) by extension 'ros'
[0.583s] Level 1:colcon.colcon_core.package_identification:_identify(src) by extensions ['cmake', 'python']
[0.583s] Level 1:colcon.colcon_core.package_identification:_identify(src) by extension 'cmake'
[0.583s] Level 1:colcon.colcon_core.package_identification:_identify(src) by extension 'python'
[0.583s] Level 1:colcon.colcon_core.package_identification:_identify(src) by extensions ['python_setup_py']
[0.583s] Level 1:colcon.colcon_core.package_identification:_identify(src) by extension 'python_setup_py'
[0.584s] Level 1:colcon.colcon_core.package_identification:_identify(src/columbus_gz) by extensions ['ignore', 'ignore_ament_install']
[0.584s] Level 1:colcon.colcon_core.package_identification:_identify(src/columbus_gz) by extension 'ignore'
[0.584s] Level 1:colcon.colcon_core.package_identification:_identify(src/columbus_gz) by extension 'ignore_ament_install'
[0.584s] Level 1:colcon.colcon_core.package_identification:_identify(src/columbus_gz) by extensions ['colcon_pkg']
[0.584s] Level 1:colcon.colcon_core.package_identification:_identify(src/columbus_gz) by extension 'colcon_pkg'
[0.584s] Level 1:colcon.colcon_core.package_identification:_identify(src/columbus_gz) by extensions ['colcon_meta']
[0.584s] Level 1:colcon.colcon_core.package_identification:_identify(src/columbus_gz) by extension 'colcon_meta'
[0.584s] Level 1:colcon.colcon_core.package_identification:_identify(src/columbus_gz) by extensions ['ros']
[0.584s] Level 1:colcon.colcon_core.package_identification:_identify(src/columbus_gz) by extension 'ros'
[0.623s] DEBUG:colcon.colcon_core.package_identification:Package 'src/columbus_gz' with type 'ros.ament_cmake' and name 'columbus_gz'
[0.623s] Level 1:colcon.colcon_core.package_identification:_identify(src/placeholder) by extensions ['ignore', 'ignore_ament_install']
[0.623s] Level 1:colcon.colcon_core.package_identification:_identify(src/placeholder) by extension 'ignore'
[0.623s] Level 1:colcon.colcon_core.package_identification:_identify(src/placeholder) by extension 'ignore_ament_install'
[0.624s] Level 1:colcon.colcon_core.package_identification:_identify(src/placeholder) by extensions ['colcon_pkg']
[0.624s] Level 1:colcon.colcon_core.package_identification:_identify(src/placeholder) by extension 'colcon_pkg'
[0.624s] Level 1:colcon.colcon_core.package_identification:_identify(src/placeholder) by extensions ['colcon_meta']
[0.624s] Level 1:colcon.colcon_core.package_identification:_identify(src/placeholder) by extension 'colcon_meta'
[0.624s] Level 1:colcon.colcon_core.package_identification:_identify(src/placeholder) by extensions ['ros']
[0.624s] Level 1:colcon.colcon_core.package_identification:_identify(src/placeholder) by extension 'ros'
[0.624s] Level 1:colcon.colcon_core.package_identification:_identify(src/placeholder) by extensions ['cmake', 'python']
[0.624s] Level 1:colcon.colcon_core.package_identification:_identify(src/placeholder) by extension 'cmake'
[0.624s] Level 1:colcon.colcon_core.package_identification:_identify(src/placeholder) by extension 'python'
[0.624s] Level 1:colcon.colcon_core.package_identification:_identify(src/placeholder) by extensions ['python_setup_py']
[0.624s] Level 1:colcon.colcon_core.package_identification:_identify(src/placeholder) by extension 'python_setup_py'
[0.625s] Level 1:colcon.colcon_core.package_discovery:discover_packages(recursive) using defaults
[0.625s] Level 1:colcon.colcon_core.package_discovery:discover_packages(ignore) discover
[0.625s] Level 1:colcon.colcon_core.package_discovery:discover_packages(ignore) using defaults
[0.625s] Level 1:colcon.colcon_core.package_discovery:discover_packages(path) discover
[0.625s] Level 1:colcon.colcon_core.package_discovery:discover_packages(path) using defaults
[0.662s] Level 1:colcon.colcon_core.package_discovery:discover_packages(prefix_path) check parameters
[0.662s] Level 1:colcon.colcon_core.package_discovery:discover_packages(prefix_path) discover
[0.665s] DEBUG:colcon.colcon_installed_package_information.package_discovery:Found 1 installed packages in /home/rover/Desktop/Robocolumbus2025/colombus_ws/install
[0.668s] DEBUG:colcon.colcon_installed_package_information.package_discovery:Found 521 installed packages in /opt/ros/humble
[0.675s] Level 1:colcon.colcon_core.package_discovery:discover_packages(prefix_path) using defaults
[0.781s] Level 5:colcon.colcon_core.verb:set package 'columbus_gz' build argument 'cmake_args' from command line to 'None'
[0.782s] Level 5:colcon.colcon_core.verb:set package 'columbus_gz' build argument 'cmake_target' from command line to 'None'
[0.782s] Level 5:colcon.colcon_core.verb:set package 'columbus_gz' build argument 'cmake_target_skip_unavailable' from command line to 'False'
[0.782s] Level 5:colcon.colcon_core.verb:set package 'columbus_gz' build argument 'cmake_clean_cache' from command line to 'False'
[0.782s] Level 5:colcon.colcon_core.verb:set package 'columbus_gz' build argument 'cmake_clean_first' from command line to 'False'
[0.782s] Level 5:colcon.colcon_core.verb:set package 'columbus_gz' build argument 'cmake_force_configure' from command line to 'False'
[0.782s] Level 5:colcon.colcon_core.verb:set package 'columbus_gz' build argument 'ament_cmake_args' from command line to 'None'
[0.782s] Level 5:colcon.colcon_core.verb:set package 'columbus_gz' build argument 'catkin_cmake_args' from command line to 'None'
[0.782s] Level 5:colcon.colcon_core.verb:set package 'columbus_gz' build argument 'catkin_skip_building_tests' from command line to 'False'
[0.782s] DEBUG:colcon.colcon_core.verb:Building package 'columbus_gz' with the following arguments: {'ament_cmake_args': None, 'build_base': '/home/rover/Desktop/Robocolumbus2025/colombus_ws/build/columbus_gz', 'catkin_cmake_args': None, 'catkin_skip_building_tests': False, 'cmake_args': None, 'cmake_clean_cache': False, 'cmake_clean_first': False, 'cmake_force_configure': False, 'cmake_target': None, 'cmake_target_skip_unavailable': False, 'install_base': '/home/rover/Desktop/Robocolumbus2025/colombus_ws/install/columbus_gz', 'merge_install': False, 'path': '/home/rover/Desktop/Robocolumbus2025/colombus_ws/src/columbus_gz', 'symlink_install': True, 'test_result_base': None}
[0.782s] INFO:colcon.colcon_core.executor:Executing jobs using 'parallel' executor
[0.785s] DEBUG:colcon.colcon_parallel_executor.executor.parallel:run_until_complete
[0.785s] INFO:colcon.colcon_ros.task.ament_cmake.build:Building ROS package in '/home/rover/Desktop/Robocolumbus2025/colombus_ws/src/columbus_gz' with build type 'ament_cmake'
[0.786s] INFO:colcon.colcon_cmake.task.cmake.build:Building CMake package in '/home/rover/Desktop/Robocolumbus2025/colombus_ws/src/columbus_gz'
[0.789s] INFO:colcon.colcon_core.plugin_system:Skipping extension 'colcon_core.shell.bat': Not used on non-Windows systems
[0.790s] INFO:colcon.colcon_core.shell:Skip shell extension 'powershell' for command environment: Not usable outside of PowerShell
[0.790s] DEBUG:colcon.colcon_core.shell:Skip shell extension 'dsv' for command environment
[0.808s] DEBUG:colcon.colcon_core.event_handler.log_command:Invoking command in '/home/rover/Desktop/Robocolumbus2025/colombus_ws/build/columbus_gz': CMAKE_PREFIX_PATH=${CMAKE_PREFIX_PATH}:/opt/ros/humble /usr/bin/cmake --build /home/rover/Desktop/Robocolumbus2025/colombus_ws/build/columbus_gz -- -j8 -l8
[0.895s] DEBUG:colcon.colcon_core.event_handler.log_command:Invoked command in '/home/rover/Desktop/Robocolumbus2025/colombus_ws/build/columbus_gz' returned '0': CMAKE_PREFIX_PATH=${CMAKE_PREFIX_PATH}:/opt/ros/humble /usr/bin/cmake --build /home/rover/Desktop/Robocolumbus2025/colombus_ws/build/columbus_gz -- -j8 -l8
[0.917s] DEBUG:colcon.colcon_core.event_handler.log_command:Invoking command in '/home/rover/Desktop/Robocolumbus2025/colombus_ws/build/columbus_gz': CMAKE_PREFIX_PATH=${CMAKE_PREFIX_PATH}:/opt/ros/humble /usr/bin/cmake --install /home/rover/Desktop/Robocolumbus2025/colombus_ws/build/columbus_gz
[0.960s] Level 1:colcon.colcon_core.environment:create_environment_scripts_only(columbus_gz)
[0.962s] DEBUG:colcon.colcon_core.event_handler.log_command:Invoked command in '/home/rover/Desktop/Robocolumbus2025/colombus_ws/build/columbus_gz' returned '0': CMAKE_PREFIX_PATH=${CMAKE_PREFIX_PATH}:/opt/ros/humble /usr/bin/cmake --install /home/rover/Desktop/Robocolumbus2025/colombus_ws/build/columbus_gz
[0.967s] Level 1:colcon.colcon_core.environment:checking '/home/rover/Desktop/Robocolumbus2025/colombus_ws/install/columbus_gz' for CMake module files
[0.968s] Level 1:colcon.colcon_core.environment:checking '/home/rover/Desktop/Robocolumbus2025/colombus_ws/install/columbus_gz' for CMake config files
[0.969s] Level 1:colcon.colcon_core.shell:create_environment_hook('columbus_gz', 'cmake_prefix_path')
[0.970s] INFO:colcon.colcon_core.shell:Creating environment hook '/home/rover/Desktop/Robocolumbus2025/colombus_ws/install/columbus_gz/share/columbus_gz/hook/cmake_prefix_path.ps1'
[0.972s] INFO:colcon.colcon_core.shell:Creating environment descriptor '/home/rover/Desktop/Robocolumbus2025/colombus_ws/install/columbus_gz/share/columbus_gz/hook/cmake_prefix_path.dsv'
[0.974s] INFO:colcon.colcon_core.shell:Creating environment hook '/home/rover/Desktop/Robocolumbus2025/colombus_ws/install/columbus_gz/share/columbus_gz/hook/cmake_prefix_path.sh'
[0.976s] Level 1:colcon.colcon_core.environment:checking '/home/rover/Desktop/Robocolumbus2025/colombus_ws/install/columbus_gz/bin'
[0.976s] Level 1:colcon.colcon_core.environment:checking '/home/rover/Desktop/Robocolumbus2025/colombus_ws/install/columbus_gz/lib/pkgconfig/columbus_gz.pc'
[0.977s] Level 1:colcon.colcon_core.environment:checking '/home/rover/Desktop/Robocolumbus2025/colombus_ws/install/columbus_gz/lib/python3.10/site-packages'
[0.978s] Level 1:colcon.colcon_core.environment:checking '/home/rover/Desktop/Robocolumbus2025/colombus_ws/install/columbus_gz/bin'
[0.979s] INFO:colcon.colcon_core.shell:Creating package script '/home/rover/Desktop/Robocolumbus2025/colombus_ws/install/columbus_gz/share/columbus_gz/package.ps1'
[0.981s] INFO:colcon.colcon_core.shell:Creating package descriptor '/home/rover/Desktop/Robocolumbus2025/colombus_ws/install/columbus_gz/share/columbus_gz/package.dsv'
[0.983s] INFO:colcon.colcon_core.shell:Creating package script '/home/rover/Desktop/Robocolumbus2025/colombus_ws/install/columbus_gz/share/columbus_gz/package.sh'
[0.985s] INFO:colcon.colcon_core.shell:Creating package script '/home/rover/Desktop/Robocolumbus2025/colombus_ws/install/columbus_gz/share/columbus_gz/package.bash'
[0.986s] INFO:colcon.colcon_core.shell:Creating package script '/home/rover/Desktop/Robocolumbus2025/colombus_ws/install/columbus_gz/share/columbus_gz/package.zsh'
[0.987s] Level 1:colcon.colcon_core.environment:create_file_with_runtime_dependencies(/home/rover/Desktop/Robocolumbus2025/colombus_ws/install/columbus_gz/share/colcon-core/packages/columbus_gz)
[0.989s] Level 1:colcon.colcon_core.environment:create_environment_scripts_only(columbus_gz)
[0.989s] Level 1:colcon.colcon_core.environment:checking '/home/rover/Desktop/Robocolumbus2025/colombus_ws/install/columbus_gz' for CMake module files
[0.990s] Level 1:colcon.colcon_core.environment:checking '/home/rover/Desktop/Robocolumbus2025/colombus_ws/install/columbus_gz' for CMake config files
[0.991s] Level 1:colcon.colcon_core.shell:create_environment_hook('columbus_gz', 'cmake_prefix_path')
[0.991s] INFO:colcon.colcon_core.shell:Creating environment hook '/home/rover/Desktop/Robocolumbus2025/colombus_ws/install/columbus_gz/share/columbus_gz/hook/cmake_prefix_path.ps1'
[0.992s] INFO:colcon.colcon_core.shell:Creating environment descriptor '/home/rover/Desktop/Robocolumbus2025/colombus_ws/install/columbus_gz/share/columbus_gz/hook/cmake_prefix_path.dsv'
[0.993s] INFO:colcon.colcon_core.shell:Creating environment hook '/home/rover/Desktop/Robocolumbus2025/colombus_ws/install/columbus_gz/share/columbus_gz/hook/cmake_prefix_path.sh'
[0.994s] Level 1:colcon.colcon_core.environment:checking '/home/rover/Desktop/Robocolumbus2025/colombus_ws/install/columbus_gz/bin'
[0.994s] Level 1:colcon.colcon_core.environment:checking '/home/rover/Desktop/Robocolumbus2025/colombus_ws/install/columbus_gz/lib/pkgconfig/columbus_gz.pc'
[0.995s] Level 1:colcon.colcon_core.environment:checking '/home/rover/Desktop/Robocolumbus2025/colombus_ws/install/columbus_gz/lib/python3.10/site-packages'
[0.995s] Level 1:colcon.colcon_core.environment:checking '/home/rover/Desktop/Robocolumbus2025/colombus_ws/install/columbus_gz/bin'
[0.996s] INFO:colcon.colcon_core.shell:Creating package script '/home/rover/Desktop/Robocolumbus2025/colombus_ws/install/columbus_gz/share/columbus_gz/package.ps1'
[0.997s] INFO:colcon.colcon_core.shell:Creating package descriptor '/home/rover/Desktop/Robocolumbus2025/colombus_ws/install/columbus_gz/share/columbus_gz/package.dsv'
[0.998s] INFO:colcon.colcon_core.shell:Creating package script '/home/rover/Desktop/Robocolumbus2025/colombus_ws/install/columbus_gz/share/columbus_gz/package.sh'
[0.999s] INFO:colcon.colcon_core.shell:Creating package script '/home/rover/Desktop/Robocolumbus2025/colombus_ws/install/columbus_gz/share/columbus_gz/package.bash'
[0.999s] INFO:colcon.colcon_core.shell:Creating package script '/home/rover/Desktop/Robocolumbus2025/colombus_ws/install/columbus_gz/share/columbus_gz/package.zsh'
[1.000s] Level 1:colcon.colcon_core.environment:create_file_with_runtime_dependencies(/home/rover/Desktop/Robocolumbus2025/colombus_ws/install/columbus_gz/share/colcon-core/packages/columbus_gz)
[1.001s] DEBUG:colcon.colcon_parallel_executor.executor.parallel:closing loop
[1.002s] DEBUG:colcon.colcon_parallel_executor.executor.parallel:loop closed
[1.002s] DEBUG:colcon.colcon_parallel_executor.executor.parallel:run_until_complete finished with '0'
[1.002s] DEBUG:colcon.colcon_core.event_reactor:joining thread
[1.013s] INFO:colcon.colcon_core.plugin_system:Skipping extension 'colcon_notification.desktop_notification.terminal_notifier': Not used on non-Darwin systems
[1.013s] INFO:colcon.colcon_core.plugin_system:Skipping extension 'colcon_notification.desktop_notification.win32': Not used on non-Windows systems
[1.013s] INFO:colcon.colcon_notification.desktop_notification:Sending desktop notification using 'notify2'
[1.048s] DEBUG:colcon.colcon_core.event_reactor:joined thread
[1.049s] INFO:colcon.colcon_core.shell:Creating prefix script '/home/rover/Desktop/Robocolumbus2025/colombus_ws/install/local_setup.ps1'
[1.053s] INFO:colcon.colcon_core.shell:Creating prefix util module '/home/rover/Desktop/Robocolumbus2025/colombus_ws/install/_local_setup_util_ps1.py'
[1.056s] INFO:colcon.colcon_core.shell:Creating prefix chain script '/home/rover/Desktop/Robocolumbus2025/colombus_ws/install/setup.ps1'
[1.060s] INFO:colcon.colcon_core.shell:Creating prefix script '/home/rover/Desktop/Robocolumbus2025/colombus_ws/install/local_setup.sh'
[1.062s] INFO:colcon.colcon_core.shell:Creating prefix util module '/home/rover/Desktop/Robocolumbus2025/colombus_ws/install/_local_setup_util_sh.py'
[1.064s] INFO:colcon.colcon_core.shell:Creating prefix chain script '/home/rover/Desktop/Robocolumbus2025/colombus_ws/install/setup.sh'
[1.067s] INFO:colcon.colcon_core.shell:Creating prefix script '/home/rover/Desktop/Robocolumbus2025/colombus_ws/install/local_setup.bash'
[1.068s] INFO:colcon.colcon_core.shell:Creating prefix chain script '/home/rover/Desktop/Robocolumbus2025/colombus_ws/install/setup.bash'
[1.071s] INFO:colcon.colcon_core.shell:Creating prefix script '/home/rover/Desktop/Robocolumbus2025/colombus_ws/install/local_setup.zsh'
[1.072s] INFO:colcon.colcon_core.shell:Creating prefix chain script '/home/rover/Desktop/Robocolumbus2025/colombus_ws/install/setup.zsh'
