[0.269s] DEBUG:colcon:Command line arguments: ['/usr/bin/colcon', 'build', '--symlink-install']
[0.269s] DEBUG:colcon:Parsed command line arguments: Namespace(log_base=None, log_level=None, verb_name='build', build_base='build', install_base='install', merge_install=False, symlink_install=True, test_result_base=None, continue_on_error=False, executor='parallel', parallel_workers=8, event_handlers=None, ignore_user_meta=False, metas=['./colcon.meta'], base_paths=['.'], packages_ignore=None, packages_ignore_regex=None, paths=None, packages_up_to=None, packages_up_to_regex=None, packages_above=None, packages_above_and_dependencies=None, packages_above_depth=None, packages_select_by_dep=None, packages_skip_by_dep=None, packages_skip_up_to=None, packages_select_build_failed=False, packages_skip_build_finished=False, packages_select_test_failures=False, packages_skip_test_passed=False, packages_select=None, packages_skip=None, packages_select_regex=None, packages_skip_regex=None, packages_start=None, packages_end=None, allow_overriding=[], cmake_args=None, cmake_target=None, cmake_target_skip_unavailable=False, cmake_clean_cache=False, cmake_clean_first=False, cmake_force_configure=False, ament_cmake_args=None, catkin_cmake_args=None, catkin_skip_building_tests=False, mixin_files=None, mixin=None, verb_parser=<colcon_mixin.mixin.mixin_argument.MixinArgumentDecorator object at 0xffff7f2db790>, verb_extension=<colcon_core.verb.build.BuildVerb object at 0xffff7f2daf20>, main=<bound method BuildVerb.main of <colcon_core.verb.build.BuildVerb object at 0xffff7f2daf20>>, mixin_verb=('build',))
[0.713s] Level 1:colcon.colcon_core.package_discovery:discover_packages(colcon_meta) check parameters
[0.714s] Level 1:colcon.colcon_core.package_discovery:discover_packages(recursive) check parameters
[0.714s] Level 1:colcon.colcon_core.package_discovery:discover_packages(ignore) check parameters
[0.714s] Level 1:colcon.colcon_core.package_discovery:discover_packages(path) check parameters
[0.714s] Level 1:colcon.colcon_core.package_discovery:discover_packages(colcon_meta) discover
[0.714s] Level 1:colcon.colcon_core.package_discovery:discover_packages(recursive) discover
[0.714s] INFO:colcon.colcon_core.package_discovery:Crawling recursively for packages in '/home/rover/Desktop/Robocolumbus2025/colombus_ws'
[0.715s] Level 1:colcon.colcon_core.package_identification:_identify(.) by extensions ['ignore', 'ignore_ament_install']
[0.715s] Level 1:colcon.colcon_core.package_identification:_identify(.) by extension 'ignore'
[0.716s] Level 1:colcon.colcon_core.package_identification:_identify(.) by extension 'ignore_ament_install'
[0.716s] Level 1:colcon.colcon_core.package_identification:_identify(.) by extensions ['colcon_pkg']
[0.716s] Level 1:colcon.colcon_core.package_identification:_identify(.) by extension 'colcon_pkg'
[0.716s] Level 1:colcon.colcon_core.package_identification:_identify(.) by extensions ['colcon_meta']
[0.716s] Level 1:colcon.colcon_core.package_identification:_identify(.) by extension 'colcon_meta'
[0.716s] Level 1:colcon.colcon_core.package_identification:_identify(.) by extensions ['ros']
[0.716s] Level 1:colcon.colcon_core.package_identification:_identify(.) by extension 'ros'
[0.742s] Level 1:colcon.colcon_core.package_identification:_identify(.) by extensions ['cmake', 'python']
[0.742s] Level 1:colcon.colcon_core.package_identification:_identify(.) by extension 'cmake'
[0.742s] Level 1:colcon.colcon_core.package_identification:_identify(.) by extension 'python'
[0.742s] Level 1:colcon.colcon_core.package_identification:_identify(.) by extensions ['python_setup_py']
[0.742s] Level 1:colcon.colcon_core.package_identification:_identify(.) by extension 'python_setup_py'
[0.743s] Level 1:colcon.colcon_core.package_identification:_identify(build) by extensions ['ignore', 'ignore_ament_install']
[0.743s] Level 1:colcon.colcon_core.package_identification:_identify(build) by extension 'ignore'
[0.743s] Level 1:colcon.colcon_core.package_identification:_identify(build) ignored
[0.743s] Level 1:colcon.colcon_core.package_identification:_identify(install) by extensions ['ignore', 'ignore_ament_install']
[0.743s] Level 1:colcon.colcon_core.package_identification:_identify(install) by extension 'ignore'
[0.743s] Level 1:colcon.colcon_core.package_identification:_identify(install) ignored
[0.744s] Level 1:colcon.colcon_core.package_identification:_identify(log) by extensions ['ignore', 'ignore_ament_install']
[0.744s] Level 1:colcon.colcon_core.package_identification:_identify(log) by extension 'ignore'
[0.744s] Level 1:colcon.colcon_core.package_identification:_identify(log) ignored
[0.744s] Level 1:colcon.colcon_core.package_identification:_identify(robot_config) by extensions ['ignore', 'ignore_ament_install']
[0.744s] Level 1:colcon.colcon_core.package_identification:_identify(robot_config) by extension 'ignore'
[0.744s] Level 1:colcon.colcon_core.package_identification:_identify(robot_config) by extension 'ignore_ament_install'
[0.745s] Level 1:colcon.colcon_core.package_identification:_identify(robot_config) by extensions ['colcon_pkg']
[0.745s] Level 1:colcon.colcon_core.package_identification:_identify(robot_config) by extension 'colcon_pkg'
[0.745s] Level 1:colcon.colcon_core.package_identification:_identify(robot_config) by extensions ['colcon_meta']
[0.745s] Level 1:colcon.colcon_core.package_identification:_identify(robot_config) by extension 'colcon_meta'
[0.745s] Level 1:colcon.colcon_core.package_identification:_identify(robot_config) by extensions ['ros']
[0.745s] Level 1:colcon.colcon_core.package_identification:_identify(robot_config) by extension 'ros'
[0.745s] Level 1:colcon.colcon_core.package_identification:_identify(robot_config) by extensions ['cmake', 'python']
[0.745s] Level 1:colcon.colcon_core.package_identification:_identify(robot_config) by extension 'cmake'
[0.745s] Level 1:colcon.colcon_core.package_identification:_identify(robot_config) by extension 'python'
[0.746s] Level 1:colcon.colcon_core.package_identification:_identify(robot_config) by extensions ['python_setup_py']
[0.746s] Level 1:colcon.colcon_core.package_identification:_identify(robot_config) by extension 'python_setup_py'
[0.746s] Level 1:colcon.colcon_core.package_identification:_identify(robot_config/manipulators) by extensions ['ignore', 'ignore_ament_install']
[0.747s] Level 1:colcon.colcon_core.package_identification:_identify(robot_config/manipulators) by extension 'ignore'
[0.747s] Level 1:colcon.colcon_core.package_identification:_identify(robot_config/manipulators) by extension 'ignore_ament_install'
[0.748s] Level 1:colcon.colcon_core.package_identification:_identify(robot_config/manipulators) by extensions ['colcon_pkg']
[0.748s] Level 1:colcon.colcon_core.package_identification:_identify(robot_config/manipulators) by extension 'colcon_pkg'
[0.749s] Level 1:colcon.colcon_core.package_identification:_identify(robot_config/manipulators) by extensions ['colcon_meta']
[0.749s] Level 1:colcon.colcon_core.package_identification:_identify(robot_config/manipulators) by extension 'colcon_meta'
[0.749s] Level 1:colcon.colcon_core.package_identification:_identify(robot_config/manipulators) by extensions ['ros']
[0.749s] Level 1:colcon.colcon_core.package_identification:_identify(robot_config/manipulators) by extension 'ros'
[0.749s] Level 1:colcon.colcon_core.package_identification:_identify(robot_config/manipulators) by extensions ['cmake', 'python']
[0.749s] Level 1:colcon.colcon_core.package_identification:_identify(robot_config/manipulators) by extension 'cmake'
[0.749s] Level 1:colcon.colcon_core.package_identification:_identify(robot_config/manipulators) by extension 'python'
[0.750s] Level 1:colcon.colcon_core.package_identification:_identify(robot_config/manipulators) by extensions ['python_setup_py']
[0.750s] Level 1:colcon.colcon_core.package_identification:_identify(robot_config/manipulators) by extension 'python_setup_py'
[0.750s] Level 1:colcon.colcon_core.package_identification:_identify(robot_config/manipulators/config) by extensions ['ignore', 'ignore_ament_install']
[0.750s] Level 1:colcon.colcon_core.package_identification:_identify(robot_config/manipulators/config) by extension 'ignore'
[0.750s] Level 1:colcon.colcon_core.package_identification:_identify(robot_config/manipulators/config) by extension 'ignore_ament_install'
[0.751s] Level 1:colcon.colcon_core.package_identification:_identify(robot_config/manipulators/config) by extensions ['colcon_pkg']
[0.751s] Level 1:colcon.colcon_core.package_identification:_identify(robot_config/manipulators/config) by extension 'colcon_pkg'
[0.751s] Level 1:colcon.colcon_core.package_identification:_identify(robot_config/manipulators/config) by extensions ['colcon_meta']
[0.751s] Level 1:colcon.colcon_core.package_identification:_identify(robot_config/manipulators/config) by extension 'colcon_meta'
[0.751s] Level 1:colcon.colcon_core.package_identification:_identify(robot_config/manipulators/config) by extensions ['ros']
[0.751s] Level 1:colcon.colcon_core.package_identification:_identify(robot_config/manipulators/config) by extension 'ros'
[0.751s] Level 1:colcon.colcon_core.package_identification:_identify(robot_config/manipulators/config) by extensions ['cmake', 'python']
[0.751s] Level 1:colcon.colcon_core.package_identification:_identify(robot_config/manipulators/config) by extension 'cmake'
[0.751s] Level 1:colcon.colcon_core.package_identification:_identify(robot_config/manipulators/config) by extension 'python'
[0.751s] Level 1:colcon.colcon_core.package_identification:_identify(robot_config/manipulators/config) by extensions ['python_setup_py']
[0.751s] Level 1:colcon.colcon_core.package_identification:_identify(robot_config/manipulators/config) by extension 'python_setup_py'
[0.752s] Level 1:colcon.colcon_core.package_identification:_identify(robot_config/manipulators/launch) by extensions ['ignore', 'ignore_ament_install']
[0.752s] Level 1:colcon.colcon_core.package_identification:_identify(robot_config/manipulators/launch) by extension 'ignore'
[0.752s] Level 1:colcon.colcon_core.package_identification:_identify(robot_config/manipulators/launch) by extension 'ignore_ament_install'
[0.752s] Level 1:colcon.colcon_core.package_identification:_identify(robot_config/manipulators/launch) by extensions ['colcon_pkg']
[0.752s] Level 1:colcon.colcon_core.package_identification:_identify(robot_config/manipulators/launch) by extension 'colcon_pkg'
[0.752s] Level 1:colcon.colcon_core.package_identification:_identify(robot_config/manipulators/launch) by extensions ['colcon_meta']
[0.752s] Level 1:colcon.colcon_core.package_identification:_identify(robot_config/manipulators/launch) by extension 'colcon_meta'
[0.753s] Level 1:colcon.colcon_core.package_identification:_identify(robot_config/manipulators/launch) by extensions ['ros']
[0.753s] Level 1:colcon.colcon_core.package_identification:_identify(robot_config/manipulators/launch) by extension 'ros'
[0.753s] Level 1:colcon.colcon_core.package_identification:_identify(robot_config/manipulators/launch) by extensions ['cmake', 'python']
[0.753s] Level 1:colcon.colcon_core.package_identification:_identify(robot_config/manipulators/launch) by extension 'cmake'
[0.753s] Level 1:colcon.colcon_core.package_identification:_identify(robot_config/manipulators/launch) by extension 'python'
[0.753s] Level 1:colcon.colcon_core.package_identification:_identify(robot_config/manipulators/launch) by extensions ['python_setup_py']
[0.753s] Level 1:colcon.colcon_core.package_identification:_identify(robot_config/manipulators/launch) by extension 'python_setup_py'
[0.753s] Level 1:colcon.colcon_core.package_identification:_identify(robot_config/manipulators/launch/__pycache__) by extensions ['ignore', 'ignore_ament_install']
[0.754s] Level 1:colcon.colcon_core.package_identification:_identify(robot_config/manipulators/launch/__pycache__) by extension 'ignore'
[0.754s] Level 1:colcon.colcon_core.package_identification:_identify(robot_config/manipulators/launch/__pycache__) by extension 'ignore_ament_install'
[0.754s] Level 1:colcon.colcon_core.package_identification:_identify(robot_config/manipulators/launch/__pycache__) by extensions ['colcon_pkg']
[0.754s] Level 1:colcon.colcon_core.package_identification:_identify(robot_config/manipulators/launch/__pycache__) by extension 'colcon_pkg'
[0.754s] Level 1:colcon.colcon_core.package_identification:_identify(robot_config/manipulators/launch/__pycache__) by extensions ['colcon_meta']
[0.754s] Level 1:colcon.colcon_core.package_identification:_identify(robot_config/manipulators/launch/__pycache__) by extension 'colcon_meta'
[0.754s] Level 1:colcon.colcon_core.package_identification:_identify(robot_config/manipulators/launch/__pycache__) by extensions ['ros']
[0.754s] Level 1:colcon.colcon_core.package_identification:_identify(robot_config/manipulators/launch/__pycache__) by extension 'ros'
[0.754s] Level 1:colcon.colcon_core.package_identification:_identify(robot_config/manipulators/launch/__pycache__) by extensions ['cmake', 'python']
[0.754s] Level 1:colcon.colcon_core.package_identification:_identify(robot_config/manipulators/launch/__pycache__) by extension 'cmake'
[0.754s] Level 1:colcon.colcon_core.package_identification:_identify(robot_config/manipulators/launch/__pycache__) by extension 'python'
[0.755s] Level 1:colcon.colcon_core.package_identification:_identify(robot_config/manipulators/launch/__pycache__) by extensions ['python_setup_py']
[0.755s] Level 1:colcon.colcon_core.package_identification:_identify(robot_config/manipulators/launch/__pycache__) by extension 'python_setup_py'
[0.755s] Level 1:colcon.colcon_core.package_identification:_identify(robot_config/platform) by extensions ['ignore', 'ignore_ament_install']
[0.755s] Level 1:colcon.colcon_core.package_identification:_identify(robot_config/platform) by extension 'ignore'
[0.755s] Level 1:colcon.colcon_core.package_identification:_identify(robot_config/platform) by extension 'ignore_ament_install'
[0.755s] Level 1:colcon.colcon_core.package_identification:_identify(robot_config/platform) by extensions ['colcon_pkg']
[0.756s] Level 1:colcon.colcon_core.package_identification:_identify(robot_config/platform) by extension 'colcon_pkg'
[0.756s] Level 1:colcon.colcon_core.package_identification:_identify(robot_config/platform) by extensions ['colcon_meta']
[0.756s] Level 1:colcon.colcon_core.package_identification:_identify(robot_config/platform) by extension 'colcon_meta'
[0.756s] Level 1:colcon.colcon_core.package_identification:_identify(robot_config/platform) by extensions ['ros']
[0.756s] Level 1:colcon.colcon_core.package_identification:_identify(robot_config/platform) by extension 'ros'
[0.756s] Level 1:colcon.colcon_core.package_identification:_identify(robot_config/platform) by extensions ['cmake', 'python']
[0.756s] Level 1:colcon.colcon_core.package_identification:_identify(robot_config/platform) by extension 'cmake'
[0.756s] Level 1:colcon.colcon_core.package_identification:_identify(robot_config/platform) by extension 'python'
[0.756s] Level 1:colcon.colcon_core.package_identification:_identify(robot_config/platform) by extensions ['python_setup_py']
[0.757s] Level 1:colcon.colcon_core.package_identification:_identify(robot_config/platform) by extension 'python_setup_py'
[0.757s] Level 1:colcon.colcon_core.package_identification:_identify(robot_config/platform/config) by extensions ['ignore', 'ignore_ament_install']
[0.757s] Level 1:colcon.colcon_core.package_identification:_identify(robot_config/platform/config) by extension 'ignore'
[0.757s] Level 1:colcon.colcon_core.package_identification:_identify(robot_config/platform/config) by extension 'ignore_ament_install'
[0.757s] Level 1:colcon.colcon_core.package_identification:_identify(robot_config/platform/config) by extensions ['colcon_pkg']
[0.757s] Level 1:colcon.colcon_core.package_identification:_identify(robot_config/platform/config) by extension 'colcon_pkg'
[0.757s] Level 1:colcon.colcon_core.package_identification:_identify(robot_config/platform/config) by extensions ['colcon_meta']
[0.758s] Level 1:colcon.colcon_core.package_identification:_identify(robot_config/platform/config) by extension 'colcon_meta'
[0.758s] Level 1:colcon.colcon_core.package_identification:_identify(robot_config/platform/config) by extensions ['ros']
[0.758s] Level 1:colcon.colcon_core.package_identification:_identify(robot_config/platform/config) by extension 'ros'
[0.758s] Level 1:colcon.colcon_core.package_identification:_identify(robot_config/platform/config) by extensions ['cmake', 'python']
[0.758s] Level 1:colcon.colcon_core.package_identification:_identify(robot_config/platform/config) by extension 'cmake'
[0.758s] Level 1:colcon.colcon_core.package_identification:_identify(robot_config/platform/config) by extension 'python'
[0.758s] Level 1:colcon.colcon_core.package_identification:_identify(robot_config/platform/config) by extensions ['python_setup_py']
[0.758s] Level 1:colcon.colcon_core.package_identification:_identify(robot_config/platform/config) by extension 'python_setup_py'
[0.759s] Level 1:colcon.colcon_core.package_identification:_identify(robot_config/platform/launch) by extensions ['ignore', 'ignore_ament_install']
[0.759s] Level 1:colcon.colcon_core.package_identification:_identify(robot_config/platform/launch) by extension 'ignore'
[0.759s] Level 1:colcon.colcon_core.package_identification:_identify(robot_config/platform/launch) by extension 'ignore_ament_install'
[0.759s] Level 1:colcon.colcon_core.package_identification:_identify(robot_config/platform/launch) by extensions ['colcon_pkg']
[0.759s] Level 1:colcon.colcon_core.package_identification:_identify(robot_config/platform/launch) by extension 'colcon_pkg'
[0.760s] Level 1:colcon.colcon_core.package_identification:_identify(robot_config/platform/launch) by extensions ['colcon_meta']
[0.760s] Level 1:colcon.colcon_core.package_identification:_identify(robot_config/platform/launch) by extension 'colcon_meta'
[0.760s] Level 1:colcon.colcon_core.package_identification:_identify(robot_config/platform/launch) by extensions ['ros']
[0.760s] Level 1:colcon.colcon_core.package_identification:_identify(robot_config/platform/launch) by extension 'ros'
[0.760s] Level 1:colcon.colcon_core.package_identification:_identify(robot_config/platform/launch) by extensions ['cmake', 'python']
[0.760s] Level 1:colcon.colcon_core.package_identification:_identify(robot_config/platform/launch) by extension 'cmake'
[0.760s] Level 1:colcon.colcon_core.package_identification:_identify(robot_config/platform/launch) by extension 'python'
[0.761s] Level 1:colcon.colcon_core.package_identification:_identify(robot_config/platform/launch) by extensions ['python_setup_py']
[0.761s] Level 1:colcon.colcon_core.package_identification:_identify(robot_config/platform/launch) by extension 'python_setup_py'
[0.761s] Level 1:colcon.colcon_core.package_identification:_identify(robot_config/platform/launch/__pycache__) by extensions ['ignore', 'ignore_ament_install']
[0.762s] Level 1:colcon.colcon_core.package_identification:_identify(robot_config/platform/launch/__pycache__) by extension 'ignore'
[0.762s] Level 1:colcon.colcon_core.package_identification:_identify(robot_config/platform/launch/__pycache__) by extension 'ignore_ament_install'
[0.762s] Level 1:colcon.colcon_core.package_identification:_identify(robot_config/platform/launch/__pycache__) by extensions ['colcon_pkg']
[0.762s] Level 1:colcon.colcon_core.package_identification:_identify(robot_config/platform/launch/__pycache__) by extension 'colcon_pkg'
[0.762s] Level 1:colcon.colcon_core.package_identification:_identify(robot_config/platform/launch/__pycache__) by extensions ['colcon_meta']
[0.762s] Level 1:colcon.colcon_core.package_identification:_identify(robot_config/platform/launch/__pycache__) by extension 'colcon_meta'
[0.762s] Level 1:colcon.colcon_core.package_identification:_identify(robot_config/platform/launch/__pycache__) by extensions ['ros']
[0.763s] Level 1:colcon.colcon_core.package_identification:_identify(robot_config/platform/launch/__pycache__) by extension 'ros'
[0.763s] Level 1:colcon.colcon_core.package_identification:_identify(robot_config/platform/launch/__pycache__) by extensions ['cmake', 'python']
[0.763s] Level 1:colcon.colcon_core.package_identification:_identify(robot_config/platform/launch/__pycache__) by extension 'cmake'
[0.763s] Level 1:colcon.colcon_core.package_identification:_identify(robot_config/platform/launch/__pycache__) by extension 'python'
[0.763s] Level 1:colcon.colcon_core.package_identification:_identify(robot_config/platform/launch/__pycache__) by extensions ['python_setup_py']
[0.763s] Level 1:colcon.colcon_core.package_identification:_identify(robot_config/platform/launch/__pycache__) by extension 'python_setup_py'
[0.764s] Level 1:colcon.colcon_core.package_identification:_identify(robot_config/sensors) by extensions ['ignore', 'ignore_ament_install']
[0.764s] Level 1:colcon.colcon_core.package_identification:_identify(robot_config/sensors) by extension 'ignore'
[0.764s] Level 1:colcon.colcon_core.package_identification:_identify(robot_config/sensors) by extension 'ignore_ament_install'
[0.764s] Level 1:colcon.colcon_core.package_identification:_identify(robot_config/sensors) by extensions ['colcon_pkg']
[0.764s] Level 1:colcon.colcon_core.package_identification:_identify(robot_config/sensors) by extension 'colcon_pkg'
[0.764s] Level 1:colcon.colcon_core.package_identification:_identify(robot_config/sensors) by extensions ['colcon_meta']
[0.764s] Level 1:colcon.colcon_core.package_identification:_identify(robot_config/sensors) by extension 'colcon_meta'
[0.765s] Level 1:colcon.colcon_core.package_identification:_identify(robot_config/sensors) by extensions ['ros']
[0.765s] Level 1:colcon.colcon_core.package_identification:_identify(robot_config/sensors) by extension 'ros'
[0.765s] Level 1:colcon.colcon_core.package_identification:_identify(robot_config/sensors) by extensions ['cmake', 'python']
[0.765s] Level 1:colcon.colcon_core.package_identification:_identify(robot_config/sensors) by extension 'cmake'
[0.765s] Level 1:colcon.colcon_core.package_identification:_identify(robot_config/sensors) by extension 'python'
[0.765s] Level 1:colcon.colcon_core.package_identification:_identify(robot_config/sensors) by extensions ['python_setup_py']
[0.765s] Level 1:colcon.colcon_core.package_identification:_identify(robot_config/sensors) by extension 'python_setup_py'
[0.766s] Level 1:colcon.colcon_core.package_identification:_identify(robot_config/sensors/config) by extensions ['ignore', 'ignore_ament_install']
[0.766s] Level 1:colcon.colcon_core.package_identification:_identify(robot_config/sensors/config) by extension 'ignore'
[0.766s] Level 1:colcon.colcon_core.package_identification:_identify(robot_config/sensors/config) by extension 'ignore_ament_install'
[0.766s] Level 1:colcon.colcon_core.package_identification:_identify(robot_config/sensors/config) by extensions ['colcon_pkg']
[0.767s] Level 1:colcon.colcon_core.package_identification:_identify(robot_config/sensors/config) by extension 'colcon_pkg'
[0.767s] Level 1:colcon.colcon_core.package_identification:_identify(robot_config/sensors/config) by extensions ['colcon_meta']
[0.767s] Level 1:colcon.colcon_core.package_identification:_identify(robot_config/sensors/config) by extension 'colcon_meta'
[0.767s] Level 1:colcon.colcon_core.package_identification:_identify(robot_config/sensors/config) by extensions ['ros']
[0.767s] Level 1:colcon.colcon_core.package_identification:_identify(robot_config/sensors/config) by extension 'ros'
[0.767s] Level 1:colcon.colcon_core.package_identification:_identify(robot_config/sensors/config) by extensions ['cmake', 'python']
[0.767s] Level 1:colcon.colcon_core.package_identification:_identify(robot_config/sensors/config) by extension 'cmake'
[0.767s] Level 1:colcon.colcon_core.package_identification:_identify(robot_config/sensors/config) by extension 'python'
[0.768s] Level 1:colcon.colcon_core.package_identification:_identify(robot_config/sensors/config) by extensions ['python_setup_py']
[0.768s] Level 1:colcon.colcon_core.package_identification:_identify(robot_config/sensors/config) by extension 'python_setup_py'
[0.768s] Level 1:colcon.colcon_core.package_identification:_identify(robot_config/sensors/launch) by extensions ['ignore', 'ignore_ament_install']
[0.768s] Level 1:colcon.colcon_core.package_identification:_identify(robot_config/sensors/launch) by extension 'ignore'
[0.768s] Level 1:colcon.colcon_core.package_identification:_identify(robot_config/sensors/launch) by extension 'ignore_ament_install'
[0.768s] Level 1:colcon.colcon_core.package_identification:_identify(robot_config/sensors/launch) by extensions ['colcon_pkg']
[0.769s] Level 1:colcon.colcon_core.package_identification:_identify(robot_config/sensors/launch) by extension 'colcon_pkg'
[0.769s] Level 1:colcon.colcon_core.package_identification:_identify(robot_config/sensors/launch) by extensions ['colcon_meta']
[0.769s] Level 1:colcon.colcon_core.package_identification:_identify(robot_config/sensors/launch) by extension 'colcon_meta'
[0.769s] Level 1:colcon.colcon_core.package_identification:_identify(robot_config/sensors/launch) by extensions ['ros']
[0.769s] Level 1:colcon.colcon_core.package_identification:_identify(robot_config/sensors/launch) by extension 'ros'
[0.769s] Level 1:colcon.colcon_core.package_identification:_identify(robot_config/sensors/launch) by extensions ['cmake', 'python']
[0.769s] Level 1:colcon.colcon_core.package_identification:_identify(robot_config/sensors/launch) by extension 'cmake'
[0.769s] Level 1:colcon.colcon_core.package_identification:_identify(robot_config/sensors/launch) by extension 'python'
[0.770s] Level 1:colcon.colcon_core.package_identification:_identify(robot_config/sensors/launch) by extensions ['python_setup_py']
[0.770s] Level 1:colcon.colcon_core.package_identification:_identify(robot_config/sensors/launch) by extension 'python_setup_py'
[0.770s] Level 1:colcon.colcon_core.package_identification:_identify(robot_config/sensors/launch/__pycache__) by extensions ['ignore', 'ignore_ament_install']
[0.770s] Level 1:colcon.colcon_core.package_identification:_identify(robot_config/sensors/launch/__pycache__) by extension 'ignore'
[0.770s] Level 1:colcon.colcon_core.package_identification:_identify(robot_config/sensors/launch/__pycache__) by extension 'ignore_ament_install'
[0.770s] Level 1:colcon.colcon_core.package_identification:_identify(robot_config/sensors/launch/__pycache__) by extensions ['colcon_pkg']
[0.770s] Level 1:colcon.colcon_core.package_identification:_identify(robot_config/sensors/launch/__pycache__) by extension 'colcon_pkg'
[0.770s] Level 1:colcon.colcon_core.package_identification:_identify(robot_config/sensors/launch/__pycache__) by extensions ['colcon_meta']
[0.770s] Level 1:colcon.colcon_core.package_identification:_identify(robot_config/sensors/launch/__pycache__) by extension 'colcon_meta'
[0.770s] Level 1:colcon.colcon_core.package_identification:_identify(robot_config/sensors/launch/__pycache__) by extensions ['ros']
[0.770s] Level 1:colcon.colcon_core.package_identification:_identify(robot_config/sensors/launch/__pycache__) by extension 'ros'
[0.771s] Level 1:colcon.colcon_core.package_identification:_identify(robot_config/sensors/launch/__pycache__) by extensions ['cmake', 'python']
[0.771s] Level 1:colcon.colcon_core.package_identification:_identify(robot_config/sensors/launch/__pycache__) by extension 'cmake'
[0.771s] Level 1:colcon.colcon_core.package_identification:_identify(robot_config/sensors/launch/__pycache__) by extension 'python'
[0.771s] Level 1:colcon.colcon_core.package_identification:_identify(robot_config/sensors/launch/__pycache__) by extensions ['python_setup_py']
[0.771s] Level 1:colcon.colcon_core.package_identification:_identify(robot_config/sensors/launch/__pycache__) by extension 'python_setup_py'
[0.771s] Level 1:colcon.colcon_core.package_identification:_identify(src) by extensions ['ignore', 'ignore_ament_install']
[0.771s] Level 1:colcon.colcon_core.package_identification:_identify(src) by extension 'ignore'
[0.771s] Level 1:colcon.colcon_core.package_identification:_identify(src) by extension 'ignore_ament_install'
[0.771s] Level 1:colcon.colcon_core.package_identification:_identify(src) by extensions ['colcon_pkg']
[0.771s] Level 1:colcon.colcon_core.package_identification:_identify(src) by extension 'colcon_pkg'
[0.771s] Level 1:colcon.colcon_core.package_identification:_identify(src) by extensions ['colcon_meta']
[0.771s] Level 1:colcon.colcon_core.package_identification:_identify(src) by extension 'colcon_meta'
[0.772s] Level 1:colcon.colcon_core.package_identification:_identify(src) by extensions ['ros']
[0.772s] Level 1:colcon.colcon_core.package_identification:_identify(src) by extension 'ros'
[0.772s] Level 1:colcon.colcon_core.package_identification:_identify(src) by extensions ['cmake', 'python']
[0.772s] Level 1:colcon.colcon_core.package_identification:_identify(src) by extension 'cmake'
[0.772s] Level 1:colcon.colcon_core.package_identification:_identify(src) by extension 'python'
[0.772s] Level 1:colcon.colcon_core.package_identification:_identify(src) by extensions ['python_setup_py']
[0.772s] Level 1:colcon.colcon_core.package_identification:_identify(src) by extension 'python_setup_py'
[0.772s] Level 1:colcon.colcon_core.package_identification:_identify(src/columbus_gz) by extensions ['ignore', 'ignore_ament_install']
[0.772s] Level 1:colcon.colcon_core.package_identification:_identify(src/columbus_gz) by extension 'ignore'
[0.772s] Level 1:colcon.colcon_core.package_identification:_identify(src/columbus_gz) by extension 'ignore_ament_install'
[0.772s] Level 1:colcon.colcon_core.package_identification:_identify(src/columbus_gz) by extensions ['colcon_pkg']
[0.772s] Level 1:colcon.colcon_core.package_identification:_identify(src/columbus_gz) by extension 'colcon_pkg'
[0.773s] Level 1:colcon.colcon_core.package_identification:_identify(src/columbus_gz) by extensions ['colcon_meta']
[0.773s] Level 1:colcon.colcon_core.package_identification:_identify(src/columbus_gz) by extension 'colcon_meta'
[0.773s] Level 1:colcon.colcon_core.package_identification:_identify(src/columbus_gz) by extensions ['ros']
[0.773s] Level 1:colcon.colcon_core.package_identification:_identify(src/columbus_gz) by extension 'ros'
[0.820s] DEBUG:colcon.colcon_core.package_identification:Package 'src/columbus_gz' with type 'ros.ament_cmake' and name 'columbus_gz'
[0.821s] Level 1:colcon.colcon_core.package_identification:_identify(src/columbus_nav) by extensions ['ignore', 'ignore_ament_install']
[0.821s] Level 1:colcon.colcon_core.package_identification:_identify(src/columbus_nav) by extension 'ignore'
[0.821s] Level 1:colcon.colcon_core.package_identification:_identify(src/columbus_nav) by extension 'ignore_ament_install'
[0.822s] Level 1:colcon.colcon_core.package_identification:_identify(src/columbus_nav) by extensions ['colcon_pkg']
[0.822s] Level 1:colcon.colcon_core.package_identification:_identify(src/columbus_nav) by extension 'colcon_pkg'
[0.822s] Level 1:colcon.colcon_core.package_identification:_identify(src/columbus_nav) by extensions ['colcon_meta']
[0.822s] Level 1:colcon.colcon_core.package_identification:_identify(src/columbus_nav) by extension 'colcon_meta'
[0.822s] Level 1:colcon.colcon_core.package_identification:_identify(src/columbus_nav) by extensions ['ros']
[0.822s] Level 1:colcon.colcon_core.package_identification:_identify(src/columbus_nav) by extension 'ros'
[0.824s] DEBUG:colcon.colcon_core.package_identification:Package 'src/columbus_nav' with type 'ros.ament_cmake' and name 'columbus_nav'
[0.824s] Level 1:colcon.colcon_core.package_identification:_identify(src/columbus_viz) by extensions ['ignore', 'ignore_ament_install']
[0.825s] Level 1:colcon.colcon_core.package_identification:_identify(src/columbus_viz) by extension 'ignore'
[0.825s] Level 1:colcon.colcon_core.package_identification:_identify(src/columbus_viz) by extension 'ignore_ament_install'
[0.825s] Level 1:colcon.colcon_core.package_identification:_identify(src/columbus_viz) by extensions ['colcon_pkg']
[0.825s] Level 1:colcon.colcon_core.package_identification:_identify(src/columbus_viz) by extension 'colcon_pkg'
[0.826s] Level 1:colcon.colcon_core.package_identification:_identify(src/columbus_viz) by extensions ['colcon_meta']
[0.826s] Level 1:colcon.colcon_core.package_identification:_identify(src/columbus_viz) by extension 'colcon_meta'
[0.826s] Level 1:colcon.colcon_core.package_identification:_identify(src/columbus_viz) by extensions ['ros']
[0.826s] Level 1:colcon.colcon_core.package_identification:_identify(src/columbus_viz) by extension 'ros'
[0.828s] DEBUG:colcon.colcon_core.package_identification:Package 'src/columbus_viz' with type 'ros.ament_cmake' and name 'columbus_viz'
[0.828s] Level 1:colcon.colcon_core.package_discovery:discover_packages(recursive) using defaults
[0.828s] Level 1:colcon.colcon_core.package_discovery:discover_packages(ignore) discover
[0.828s] Level 1:colcon.colcon_core.package_discovery:discover_packages(ignore) using defaults
[0.829s] Level 1:colcon.colcon_core.package_discovery:discover_packages(path) discover
[0.829s] Level 1:colcon.colcon_core.package_discovery:discover_packages(path) using defaults
[0.869s] Level 1:colcon.colcon_core.package_discovery:discover_packages(prefix_path) check parameters
[0.870s] Level 1:colcon.colcon_core.package_discovery:discover_packages(prefix_path) discover
[0.873s] DEBUG:colcon.colcon_installed_package_information.package_discovery:Found 3 installed packages in /home/rover/Desktop/Robocolumbus2025/colombus_ws/install
[0.877s] DEBUG:colcon.colcon_installed_package_information.package_discovery:Found 521 installed packages in /opt/ros/humble
[0.883s] Level 1:colcon.colcon_core.package_discovery:discover_packages(prefix_path) using defaults
[1.003s] Level 5:colcon.colcon_core.verb:set package 'columbus_gz' build argument 'cmake_args' from command line to 'None'
[1.003s] Level 5:colcon.colcon_core.verb:set package 'columbus_gz' build argument 'cmake_target' from command line to 'None'
[1.003s] Level 5:colcon.colcon_core.verb:set package 'columbus_gz' build argument 'cmake_target_skip_unavailable' from command line to 'False'
[1.003s] Level 5:colcon.colcon_core.verb:set package 'columbus_gz' build argument 'cmake_clean_cache' from command line to 'False'
[1.003s] Level 5:colcon.colcon_core.verb:set package 'columbus_gz' build argument 'cmake_clean_first' from command line to 'False'
[1.003s] Level 5:colcon.colcon_core.verb:set package 'columbus_gz' build argument 'cmake_force_configure' from command line to 'False'
[1.003s] Level 5:colcon.colcon_core.verb:set package 'columbus_gz' build argument 'ament_cmake_args' from command line to 'None'
[1.004s] Level 5:colcon.colcon_core.verb:set package 'columbus_gz' build argument 'catkin_cmake_args' from command line to 'None'
[1.004s] Level 5:colcon.colcon_core.verb:set package 'columbus_gz' build argument 'catkin_skip_building_tests' from command line to 'False'
[1.004s] DEBUG:colcon.colcon_core.verb:Building package 'columbus_gz' with the following arguments: {'ament_cmake_args': None, 'build_base': '/home/rover/Desktop/Robocolumbus2025/colombus_ws/build/columbus_gz', 'catkin_cmake_args': None, 'catkin_skip_building_tests': False, 'cmake_args': None, 'cmake_clean_cache': False, 'cmake_clean_first': False, 'cmake_force_configure': False, 'cmake_target': None, 'cmake_target_skip_unavailable': False, 'install_base': '/home/rover/Desktop/Robocolumbus2025/colombus_ws/install/columbus_gz', 'merge_install': False, 'path': '/home/rover/Desktop/Robocolumbus2025/colombus_ws/src/columbus_gz', 'symlink_install': True, 'test_result_base': None}
[1.004s] Level 5:colcon.colcon_core.verb:set package 'columbus_nav' build argument 'cmake_args' from command line to 'None'
[1.004s] Level 5:colcon.colcon_core.verb:set package 'columbus_nav' build argument 'cmake_target' from command line to 'None'
[1.004s] Level 5:colcon.colcon_core.verb:set package 'columbus_nav' build argument 'cmake_target_skip_unavailable' from command line to 'False'
[1.004s] Level 5:colcon.colcon_core.verb:set package 'columbus_nav' build argument 'cmake_clean_cache' from command line to 'False'
[1.004s] Level 5:colcon.colcon_core.verb:set package 'columbus_nav' build argument 'cmake_clean_first' from command line to 'False'
[1.004s] Level 5:colcon.colcon_core.verb:set package 'columbus_nav' build argument 'cmake_force_configure' from command line to 'False'
[1.005s] Level 5:colcon.colcon_core.verb:set package 'columbus_nav' build argument 'ament_cmake_args' from command line to 'None'
[1.005s] Level 5:colcon.colcon_core.verb:set package 'columbus_nav' build argument 'catkin_cmake_args' from command line to 'None'
[1.005s] Level 5:colcon.colcon_core.verb:set package 'columbus_nav' build argument 'catkin_skip_building_tests' from command line to 'False'
[1.005s] DEBUG:colcon.colcon_core.verb:Building package 'columbus_nav' with the following arguments: {'ament_cmake_args': None, 'build_base': '/home/rover/Desktop/Robocolumbus2025/colombus_ws/build/columbus_nav', 'catkin_cmake_args': None, 'catkin_skip_building_tests': False, 'cmake_args': None, 'cmake_clean_cache': False, 'cmake_clean_first': False, 'cmake_force_configure': False, 'cmake_target': None, 'cmake_target_skip_unavailable': False, 'install_base': '/home/rover/Desktop/Robocolumbus2025/colombus_ws/install/columbus_nav', 'merge_install': False, 'path': '/home/rover/Desktop/Robocolumbus2025/colombus_ws/src/columbus_nav', 'symlink_install': True, 'test_result_base': None}
[1.005s] Level 5:colcon.colcon_core.verb:set package 'columbus_viz' build argument 'cmake_args' from command line to 'None'
[1.005s] Level 5:colcon.colcon_core.verb:set package 'columbus_viz' build argument 'cmake_target' from command line to 'None'
[1.005s] Level 5:colcon.colcon_core.verb:set package 'columbus_viz' build argument 'cmake_target_skip_unavailable' from command line to 'False'
[1.005s] Level 5:colcon.colcon_core.verb:set package 'columbus_viz' build argument 'cmake_clean_cache' from command line to 'False'
[1.005s] Level 5:colcon.colcon_core.verb:set package 'columbus_viz' build argument 'cmake_clean_first' from command line to 'False'
[1.005s] Level 5:colcon.colcon_core.verb:set package 'columbus_viz' build argument 'cmake_force_configure' from command line to 'False'
[1.005s] Level 5:colcon.colcon_core.verb:set package 'columbus_viz' build argument 'ament_cmake_args' from command line to 'None'
[1.005s] Level 5:colcon.colcon_core.verb:set package 'columbus_viz' build argument 'catkin_cmake_args' from command line to 'None'
[1.006s] Level 5:colcon.colcon_core.verb:set package 'columbus_viz' build argument 'catkin_skip_building_tests' from command line to 'False'
[1.006s] DEBUG:colcon.colcon_core.verb:Building package 'columbus_viz' with the following arguments: {'ament_cmake_args': None, 'build_base': '/home/rover/Desktop/Robocolumbus2025/colombus_ws/build/columbus_viz', 'catkin_cmake_args': None, 'catkin_skip_building_tests': False, 'cmake_args': None, 'cmake_clean_cache': False, 'cmake_clean_first': False, 'cmake_force_configure': False, 'cmake_target': None, 'cmake_target_skip_unavailable': False, 'install_base': '/home/rover/Desktop/Robocolumbus2025/colombus_ws/install/columbus_viz', 'merge_install': False, 'path': '/home/rover/Desktop/Robocolumbus2025/colombus_ws/src/columbus_viz', 'symlink_install': True, 'test_result_base': None}
[1.006s] INFO:colcon.colcon_core.executor:Executing jobs using 'parallel' executor
[1.008s] DEBUG:colcon.colcon_parallel_executor.executor.parallel:run_until_complete
[1.009s] INFO:colcon.colcon_ros.task.ament_cmake.build:Building ROS package in '/home/rover/Desktop/Robocolumbus2025/colombus_ws/src/columbus_gz' with build type 'ament_cmake'
[1.009s] INFO:colcon.colcon_cmake.task.cmake.build:Building CMake package in '/home/rover/Desktop/Robocolumbus2025/colombus_ws/src/columbus_gz'
[1.014s] INFO:colcon.colcon_core.plugin_system:Skipping extension 'colcon_core.shell.bat': Not used on non-Windows systems
[1.014s] INFO:colcon.colcon_core.shell:Skip shell extension 'powershell' for command environment: Not usable outside of PowerShell
[1.014s] DEBUG:colcon.colcon_core.shell:Skip shell extension 'dsv' for command environment
[1.025s] INFO:colcon.colcon_ros.task.ament_cmake.build:Building ROS package in '/home/rover/Desktop/Robocolumbus2025/colombus_ws/src/columbus_nav' with build type 'ament_cmake'
[1.026s] INFO:colcon.colcon_cmake.task.cmake.build:Building CMake package in '/home/rover/Desktop/Robocolumbus2025/colombus_ws/src/columbus_nav'
[1.026s] INFO:colcon.colcon_core.shell:Skip shell extension 'powershell' for command environment: Not usable outside of PowerShell
[1.026s] DEBUG:colcon.colcon_core.shell:Skip shell extension 'dsv' for command environment
[1.036s] INFO:colcon.colcon_ros.task.ament_cmake.build:Building ROS package in '/home/rover/Desktop/Robocolumbus2025/colombus_ws/src/columbus_viz' with build type 'ament_cmake'
[1.037s] INFO:colcon.colcon_cmake.task.cmake.build:Building CMake package in '/home/rover/Desktop/Robocolumbus2025/colombus_ws/src/columbus_viz'
[1.037s] INFO:colcon.colcon_core.shell:Skip shell extension 'powershell' for command environment: Not usable outside of PowerShell
[1.038s] DEBUG:colcon.colcon_core.shell:Skip shell extension 'dsv' for command environment
[1.054s] DEBUG:colcon.colcon_core.event_handler.log_command:Invoking command in '/home/rover/Desktop/Robocolumbus2025/colombus_ws/build/columbus_gz': CMAKE_PREFIX_PATH=${CMAKE_PREFIX_PATH}:/opt/ros/humble /usr/bin/cmake --build /home/rover/Desktop/Robocolumbus2025/colombus_ws/build/columbus_gz -- -j8 -l8
[1.066s] DEBUG:colcon.colcon_core.event_handler.log_command:Invoking command in '/home/rover/Desktop/Robocolumbus2025/colombus_ws/build/columbus_nav': CMAKE_PREFIX_PATH=${CMAKE_PREFIX_PATH}:/opt/ros/humble /usr/bin/cmake --build /home/rover/Desktop/Robocolumbus2025/colombus_ws/build/columbus_nav -- -j8 -l8
[1.088s] DEBUG:colcon.colcon_core.event_handler.log_command:Invoking command in '/home/rover/Desktop/Robocolumbus2025/colombus_ws/build/columbus_viz': CMAKE_PREFIX_PATH=${CMAKE_PREFIX_PATH}:/opt/ros/humble /usr/bin/cmake --build /home/rover/Desktop/Robocolumbus2025/colombus_ws/build/columbus_viz -- -j8 -l8
[1.148s] DEBUG:colcon.colcon_core.event_handler.log_command:Invoked command in '/home/rover/Desktop/Robocolumbus2025/colombus_ws/build/columbus_gz' returned '0': CMAKE_PREFIX_PATH=${CMAKE_PREFIX_PATH}:/opt/ros/humble /usr/bin/cmake --build /home/rover/Desktop/Robocolumbus2025/colombus_ws/build/columbus_gz -- -j8 -l8
[1.162s] DEBUG:colcon.colcon_core.event_handler.log_command:Invoking command in '/home/rover/Desktop/Robocolumbus2025/colombus_ws/build/columbus_gz': CMAKE_PREFIX_PATH=${CMAKE_PREFIX_PATH}:/opt/ros/humble /usr/bin/cmake --install /home/rover/Desktop/Robocolumbus2025/colombus_ws/build/columbus_gz
[1.167s] DEBUG:colcon.colcon_core.event_handler.log_command:Invoked command in '/home/rover/Desktop/Robocolumbus2025/colombus_ws/build/columbus_nav' returned '0': CMAKE_PREFIX_PATH=${CMAKE_PREFIX_PATH}:/opt/ros/humble /usr/bin/cmake --build /home/rover/Desktop/Robocolumbus2025/colombus_ws/build/columbus_nav -- -j8 -l8
[1.168s] DEBUG:colcon.colcon_core.event_handler.log_command:Invoking command in '/home/rover/Desktop/Robocolumbus2025/colombus_ws/build/columbus_nav': CMAKE_PREFIX_PATH=${CMAKE_PREFIX_PATH}:/opt/ros/humble /usr/bin/cmake --install /home/rover/Desktop/Robocolumbus2025/colombus_ws/build/columbus_nav
[1.179s] DEBUG:colcon.colcon_core.event_handler.log_command:Invoked command in '/home/rover/Desktop/Robocolumbus2025/colombus_ws/build/columbus_viz' returned '0': CMAKE_PREFIX_PATH=${CMAKE_PREFIX_PATH}:/opt/ros/humble /usr/bin/cmake --build /home/rover/Desktop/Robocolumbus2025/colombus_ws/build/columbus_viz -- -j8 -l8
[1.180s] DEBUG:colcon.colcon_core.event_handler.log_command:Invoking command in '/home/rover/Desktop/Robocolumbus2025/colombus_ws/build/columbus_viz': CMAKE_PREFIX_PATH=${CMAKE_PREFIX_PATH}:/opt/ros/humble /usr/bin/cmake --install /home/rover/Desktop/Robocolumbus2025/colombus_ws/build/columbus_viz
[1.193s] Level 1:colcon.colcon_core.environment:create_environment_scripts_only(columbus_nav)
[1.196s] DEBUG:colcon.colcon_core.event_handler.log_command:Invoked command in '/home/rover/Desktop/Robocolumbus2025/colombus_ws/build/columbus_nav' returned '1': CMAKE_PREFIX_PATH=${CMAKE_PREFIX_PATH}:/opt/ros/humble /usr/bin/cmake --install /home/rover/Desktop/Robocolumbus2025/colombus_ws/build/columbus_nav
[1.198s] Level 1:colcon.colcon_core.environment:checking '/home/rover/Desktop/Robocolumbus2025/colombus_ws/install/columbus_nav' for CMake module files
[1.199s] Level 1:colcon.colcon_core.environment:checking '/home/rover/Desktop/Robocolumbus2025/colombus_ws/install/columbus_nav' for CMake config files
[1.200s] Level 1:colcon.colcon_core.environment:checking '/home/rover/Desktop/Robocolumbus2025/colombus_ws/install/columbus_nav/bin'
[1.200s] Level 1:colcon.colcon_core.environment:checking '/home/rover/Desktop/Robocolumbus2025/colombus_ws/install/columbus_nav/lib/pkgconfig/columbus_nav.pc'
[1.201s] Level 1:colcon.colcon_core.environment:checking '/home/rover/Desktop/Robocolumbus2025/colombus_ws/install/columbus_nav/lib/python3.10/site-packages'
[1.201s] Level 1:colcon.colcon_core.environment:checking '/home/rover/Desktop/Robocolumbus2025/colombus_ws/install/columbus_nav/bin'
[1.202s] INFO:colcon.colcon_core.shell:Creating package script '/home/rover/Desktop/Robocolumbus2025/colombus_ws/install/columbus_nav/share/columbus_nav/package.ps1'
[1.209s] INFO:colcon.colcon_core.shell:Creating package descriptor '/home/rover/Desktop/Robocolumbus2025/colombus_ws/install/columbus_nav/share/columbus_nav/package.dsv'
[1.214s] INFO:colcon.colcon_core.shell:Creating package script '/home/rover/Desktop/Robocolumbus2025/colombus_ws/install/columbus_nav/share/columbus_nav/package.sh'
[1.222s] INFO:colcon.colcon_core.shell:Creating package script '/home/rover/Desktop/Robocolumbus2025/colombus_ws/install/columbus_nav/share/columbus_nav/package.bash'
[1.224s] INFO:colcon.colcon_core.shell:Creating package script '/home/rover/Desktop/Robocolumbus2025/colombus_ws/install/columbus_nav/share/columbus_nav/package.zsh'
[1.226s] Level 1:colcon.colcon_core.environment:create_file_with_runtime_dependencies(/home/rover/Desktop/Robocolumbus2025/colombus_ws/install/columbus_nav/share/colcon-core/packages/columbus_nav)
[1.248s] DEBUG:colcon.colcon_parallel_executor.executor.parallel:closing loop
[1.248s] DEBUG:colcon.colcon_parallel_executor.executor.parallel:loop closed
[1.249s] DEBUG:colcon.colcon_parallel_executor.executor.parallel:run_until_complete finished with '1'
[1.249s] DEBUG:colcon.colcon_core.event_reactor:joining thread
[1.263s] INFO:colcon.colcon_core.plugin_system:Skipping extension 'colcon_notification.desktop_notification.terminal_notifier': Not used on non-Darwin systems
[1.263s] INFO:colcon.colcon_core.plugin_system:Skipping extension 'colcon_notification.desktop_notification.win32': Not used on non-Windows systems
[1.263s] INFO:colcon.colcon_notification.desktop_notification:Sending desktop notification using 'notify2'
[1.299s] DEBUG:colcon.colcon_core.event_reactor:joined thread
[1.300s] INFO:colcon.colcon_core.shell:Creating prefix script '/home/rover/Desktop/Robocolumbus2025/colombus_ws/install/local_setup.ps1'
[1.303s] INFO:colcon.colcon_core.shell:Creating prefix util module '/home/rover/Desktop/Robocolumbus2025/colombus_ws/install/_local_setup_util_ps1.py'
[1.306s] INFO:colcon.colcon_core.shell:Creating prefix chain script '/home/rover/Desktop/Robocolumbus2025/colombus_ws/install/setup.ps1'
[1.308s] INFO:colcon.colcon_core.shell:Creating prefix script '/home/rover/Desktop/Robocolumbus2025/colombus_ws/install/local_setup.sh'
[1.309s] INFO:colcon.colcon_core.shell:Creating prefix util module '/home/rover/Desktop/Robocolumbus2025/colombus_ws/install/_local_setup_util_sh.py'
[1.311s] INFO:colcon.colcon_core.shell:Creating prefix chain script '/home/rover/Desktop/Robocolumbus2025/colombus_ws/install/setup.sh'
[1.314s] INFO:colcon.colcon_core.shell:Creating prefix script '/home/rover/Desktop/Robocolumbus2025/colombus_ws/install/local_setup.bash'
[1.315s] INFO:colcon.colcon_core.shell:Creating prefix chain script '/home/rover/Desktop/Robocolumbus2025/colombus_ws/install/setup.bash'
[1.317s] INFO:colcon.colcon_core.shell:Creating prefix script '/home/rover/Desktop/Robocolumbus2025/colombus_ws/install/local_setup.zsh'
[1.318s] INFO:colcon.colcon_core.shell:Creating prefix chain script '/home/rover/Desktop/Robocolumbus2025/colombus_ws/install/setup.zsh'
