[0.014s] Invoking command in '/home/rover/Desktop/Robocolumbus2025/colombus_ws/build/columbus_gz': CMAKE_PREFIX_PATH=/opt/ros/humble /usr/bin/cmake /home/rover/Desktop/Robocolumbus2025/colombus_ws/src/columbus_gz -DAMENT_CMAKE_SYMLINK_INSTALL=1 -DCMAKE_INSTALL_PREFIX=/home/rover/Desktop/Robocolumbus2025/colombus_ws/install/columbus_gz
[0.177s] -- The C compiler identification is GNU 11.4.0
[0.321s] -- The CXX compiler identification is GNU 11.4.0
[0.334s] -- Detecting C compiler ABI info
[0.457s] -- Detecting C compiler ABI info - done
[0.466s] -- Check for working C compiler: /usr/bin/cc - skipped
[0.467s] -- Detecting C compile features
[0.467s] -- Detecting C compile features - done
[0.472s] -- Detecting CXX compiler ABI info
[0.607s] -- Detecting CXX compiler ABI info - done
[0.617s] -- Check for working CXX compiler: /usr/bin/c++ - skipped
[0.617s] -- Detecting CXX compile features
[0.618s] -- Detecting CXX compile features - done
[0.623s] -- Found ament_cmake: 1.3.12 (/opt/ros/humble/share/ament_cmake/cmake)
[0.903s] -- Found Python3: /usr/bin/python3 (found version "3.10.12") found components: Interpreter 
[1.024s] -- Override CMake install command with custom implementation using symlinks instead of copying resources
[1.106s] -- Found ament_lint_auto: 0.12.14 (/opt/ros/humble/share/ament_lint_auto/cmake)
[1.264s] -- Added test 'flake8' to check Python code syntax and style conventions
[1.265s] -- Added test 'lint_cmake' to check CMake code style
[1.266s] -- Added test 'pep257' to check Python code against some of the docstring style conventions in PEP 257
[1.268s] -- Added test 'xmllint' to check XML markup files
[1.272s] -- Configuring done
[1.279s] -- Generating done
[1.282s] -- Build files have been written to: /home/rover/Desktop/Robocolumbus2025/colombus_ws/build/columbus_gz
[1.292s] Invoked command in '/home/rover/Desktop/Robocolumbus2025/colombus_ws/build/columbus_gz' returned '0': CMAKE_PREFIX_PATH=/opt/ros/humble /usr/bin/cmake /home/rover/Desktop/Robocolumbus2025/colombus_ws/src/columbus_gz -DAMENT_CMAKE_SYMLINK_INSTALL=1 -DCMAKE_INSTALL_PREFIX=/home/rover/Desktop/Robocolumbus2025/colombus_ws/install/columbus_gz
[1.297s] Invoking command in '/home/rover/Desktop/Robocolumbus2025/colombus_ws/build/columbus_gz': CMAKE_PREFIX_PATH=/opt/ros/humble /usr/bin/cmake --build /home/rover/Desktop/Robocolumbus2025/colombus_ws/build/columbus_gz -- -j8 -l8
[1.359s] Invoked command in '/home/rover/Desktop/Robocolumbus2025/colombus_ws/build/columbus_gz' returned '0': CMAKE_PREFIX_PATH=/opt/ros/humble /usr/bin/cmake --build /home/rover/Desktop/Robocolumbus2025/colombus_ws/build/columbus_gz -- -j8 -l8
[1.378s] Invoking command in '/home/rover/Desktop/Robocolumbus2025/colombus_ws/build/columbus_gz': CMAKE_PREFIX_PATH=/opt/ros/humble /usr/bin/cmake --install /home/rover/Desktop/Robocolumbus2025/colombus_ws/build/columbus_gz
[1.392s] -- Install configuration: ""
[1.392s] -- Execute custom install script
[1.393s] -- Symlinking: /home/rover/Desktop/Robocolumbus2025/colombus_ws/install/columbus_gz/share/ament_index/resource_index/package_run_dependencies/columbus_gz
[1.409s] -- Symlinking: /home/rover/Desktop/Robocolumbus2025/colombus_ws/install/columbus_gz/share/ament_index/resource_index/parent_prefix_path/columbus_gz
[1.424s] -- Symlinking: /home/rover/Desktop/Robocolumbus2025/colombus_ws/install/columbus_gz/share/columbus_gz/environment/ament_prefix_path.sh
[1.439s] -- Symlinking: /home/rover/Desktop/Robocolumbus2025/colombus_ws/install/columbus_gz/share/columbus_gz/environment/ament_prefix_path.dsv
[1.455s] -- Symlinking: /home/rover/Desktop/Robocolumbus2025/colombus_ws/install/columbus_gz/share/columbus_gz/environment/path.sh
[1.475s] -- Symlinking: /home/rover/Desktop/Robocolumbus2025/colombus_ws/install/columbus_gz/share/columbus_gz/environment/path.dsv
[1.492s] -- Symlinking: /home/rover/Desktop/Robocolumbus2025/colombus_ws/install/columbus_gz/share/columbus_gz/local_setup.bash
[1.508s] -- Symlinking: /home/rover/Desktop/Robocolumbus2025/colombus_ws/install/columbus_gz/share/columbus_gz/local_setup.sh
[1.524s] -- Symlinking: /home/rover/Desktop/Robocolumbus2025/colombus_ws/install/columbus_gz/share/columbus_gz/local_setup.zsh
[1.539s] -- Symlinking: /home/rover/Desktop/Robocolumbus2025/colombus_ws/install/columbus_gz/share/columbus_gz/local_setup.dsv
[1.554s] -- Symlinking: /home/rover/Desktop/Robocolumbus2025/colombus_ws/install/columbus_gz/share/columbus_gz/package.dsv
[1.569s] -- Symlinking: /home/rover/Desktop/Robocolumbus2025/colombus_ws/install/columbus_gz/share/ament_index/resource_index/packages/columbus_gz
[1.585s] -- Symlinking: /home/rover/Desktop/Robocolumbus2025/colombus_ws/install/columbus_gz/share/columbus_gz/cmake/columbus_gzConfig.cmake
[1.600s] -- Symlinking: /home/rover/Desktop/Robocolumbus2025/colombus_ws/install/columbus_gz/share/columbus_gz/cmake/columbus_gzConfig-version.cmake
[1.617s] -- Symlinking: /home/rover/Desktop/Robocolumbus2025/colombus_ws/install/columbus_gz/share/columbus_gz/package.xml
[1.636s] Invoked command in '/home/rover/Desktop/Robocolumbus2025/colombus_ws/build/columbus_gz' returned '0': CMAKE_PREFIX_PATH=/opt/ros/humble /usr/bin/cmake --install /home/rover/Desktop/Robocolumbus2025/colombus_ws/build/columbus_gz
