[0.258s] DEBUG:colcon:Command line arguments: ['/usr/bin/colcon', 'build', '--symlink-install']
[0.258s] DEBUG:colcon:Parsed command line arguments: Namespace(log_base=None, log_level=None, verb_name='build', build_base='build', install_base='install', merge_install=False, symlink_install=True, test_result_base=None, continue_on_error=False, executor='parallel', parallel_workers=8, event_handlers=None, ignore_user_meta=False, metas=['./colcon.meta'], base_paths=['.'], packages_ignore=None, packages_ignore_regex=None, paths=None, packages_up_to=None, packages_up_to_regex=None, packages_above=None, packages_above_and_dependencies=None, packages_above_depth=None, packages_select_by_dep=None, packages_skip_by_dep=None, packages_skip_up_to=None, packages_select_build_failed=False, packages_skip_build_finished=False, packages_select_test_failures=False, packages_skip_test_passed=False, packages_select=None, packages_skip=None, packages_select_regex=None, packages_skip_regex=None, packages_start=None, packages_end=None, allow_overriding=[], cmake_args=None, cmake_target=None, cmake_target_skip_unavailable=False, cmake_clean_cache=False, cmake_clean_first=False, cmake_force_configure=False, ament_cmake_args=None, catkin_cmake_args=None, catkin_skip_building_tests=False, mixin_files=None, mixin=None, verb_parser=<colcon_mixin.mixin.mixin_argument.MixinArgumentDecorator object at 0xffffb8e4b700>, verb_extension=<colcon_core.verb.build.BuildVerb object at 0xffffb8e4ae90>, main=<bound method BuildVerb.main of <colcon_core.verb.build.BuildVerb object at 0xffffb8e4ae90>>, mixin_verb=('build',))
[0.631s] Level 1:colcon.colcon_core.package_discovery:discover_packages(colcon_meta) check parameters
[0.631s] Level 1:colcon.colcon_core.package_discovery:discover_packages(recursive) check parameters
[0.631s] Level 1:colcon.colcon_core.package_discovery:discover_packages(ignore) check parameters
[0.632s] Level 1:colcon.colcon_core.package_discovery:discover_packages(path) check parameters
[0.632s] Level 1:colcon.colcon_core.package_discovery:discover_packages(colcon_meta) discover
[0.632s] Level 1:colcon.colcon_core.package_discovery:discover_packages(recursive) discover
[0.632s] INFO:colcon.colcon_core.package_discovery:Crawling recursively for packages in '/home/rover/Desktop/Robocolumbus2025/colombus_ws'
[0.632s] Level 1:colcon.colcon_core.package_identification:_identify(.) by extensions ['ignore', 'ignore_ament_install']
[0.633s] Level 1:colcon.colcon_core.package_identification:_identify(.) by extension 'ignore'
[0.633s] Level 1:colcon.colcon_core.package_identification:_identify(.) by extension 'ignore_ament_install'
[0.633s] Level 1:colcon.colcon_core.package_identification:_identify(.) by extensions ['colcon_pkg']
[0.633s] Level 1:colcon.colcon_core.package_identification:_identify(.) by extension 'colcon_pkg'
[0.634s] Level 1:colcon.colcon_core.package_identification:_identify(.) by extensions ['colcon_meta']
[0.634s] Level 1:colcon.colcon_core.package_identification:_identify(.) by extension 'colcon_meta'
[0.634s] Level 1:colcon.colcon_core.package_identification:_identify(.) by extensions ['ros']
[0.634s] Level 1:colcon.colcon_core.package_identification:_identify(.) by extension 'ros'
[0.657s] Level 1:colcon.colcon_core.package_identification:_identify(.) by extensions ['cmake', 'python']
[0.657s] Level 1:colcon.colcon_core.package_identification:_identify(.) by extension 'cmake'
[0.657s] Level 1:colcon.colcon_core.package_identification:_identify(.) by extension 'python'
[0.658s] Level 1:colcon.colcon_core.package_identification:_identify(.) by extensions ['python_setup_py']
[0.658s] Level 1:colcon.colcon_core.package_identification:_identify(.) by extension 'python_setup_py'
[0.658s] Level 1:colcon.colcon_core.package_identification:_identify(build) by extensions ['ignore', 'ignore_ament_install']
[0.658s] Level 1:colcon.colcon_core.package_identification:_identify(build) by extension 'ignore'
[0.659s] Level 1:colcon.colcon_core.package_identification:_identify(build) ignored
[0.659s] Level 1:colcon.colcon_core.package_identification:_identify(install) by extensions ['ignore', 'ignore_ament_install']
[0.659s] Level 1:colcon.colcon_core.package_identification:_identify(install) by extension 'ignore'
[0.659s] Level 1:colcon.colcon_core.package_identification:_identify(install) ignored
[0.660s] Level 1:colcon.colcon_core.package_identification:_identify(log) by extensions ['ignore', 'ignore_ament_install']
[0.660s] Level 1:colcon.colcon_core.package_identification:_identify(log) by extension 'ignore'
[0.660s] Level 1:colcon.colcon_core.package_identification:_identify(log) ignored
[0.660s] Level 1:colcon.colcon_core.package_identification:_identify(robot_config) by extensions ['ignore', 'ignore_ament_install']
[0.661s] Level 1:colcon.colcon_core.package_identification:_identify(robot_config) by extension 'ignore'
[0.661s] Level 1:colcon.colcon_core.package_identification:_identify(robot_config) by extension 'ignore_ament_install'
[0.661s] Level 1:colcon.colcon_core.package_identification:_identify(robot_config) by extensions ['colcon_pkg']
[0.661s] Level 1:colcon.colcon_core.package_identification:_identify(robot_config) by extension 'colcon_pkg'
[0.661s] Level 1:colcon.colcon_core.package_identification:_identify(robot_config) by extensions ['colcon_meta']
[0.662s] Level 1:colcon.colcon_core.package_identification:_identify(robot_config) by extension 'colcon_meta'
[0.662s] Level 1:colcon.colcon_core.package_identification:_identify(robot_config) by extensions ['ros']
[0.662s] Level 1:colcon.colcon_core.package_identification:_identify(robot_config) by extension 'ros'
[0.662s] Level 1:colcon.colcon_core.package_identification:_identify(robot_config) by extensions ['cmake', 'python']
[0.662s] Level 1:colcon.colcon_core.package_identification:_identify(robot_config) by extension 'cmake'
[0.663s] Level 1:colcon.colcon_core.package_identification:_identify(robot_config) by extension 'python'
[0.663s] Level 1:colcon.colcon_core.package_identification:_identify(robot_config) by extensions ['python_setup_py']
[0.663s] Level 1:colcon.colcon_core.package_identification:_identify(robot_config) by extension 'python_setup_py'
[0.663s] Level 1:colcon.colcon_core.package_identification:_identify(robot_config/manipulators) by extensions ['ignore', 'ignore_ament_install']
[0.664s] Level 1:colcon.colcon_core.package_identification:_identify(robot_config/manipulators) by extension 'ignore'
[0.664s] Level 1:colcon.colcon_core.package_identification:_identify(robot_config/manipulators) by extension 'ignore_ament_install'
[0.664s] Level 1:colcon.colcon_core.package_identification:_identify(robot_config/manipulators) by extensions ['colcon_pkg']
[0.664s] Level 1:colcon.colcon_core.package_identification:_identify(robot_config/manipulators) by extension 'colcon_pkg'
[0.664s] Level 1:colcon.colcon_core.package_identification:_identify(robot_config/manipulators) by extensions ['colcon_meta']
[0.665s] Level 1:colcon.colcon_core.package_identification:_identify(robot_config/manipulators) by extension 'colcon_meta'
[0.665s] Level 1:colcon.colcon_core.package_identification:_identify(robot_config/manipulators) by extensions ['ros']
[0.665s] Level 1:colcon.colcon_core.package_identification:_identify(robot_config/manipulators) by extension 'ros'
[0.665s] Level 1:colcon.colcon_core.package_identification:_identify(robot_config/manipulators) by extensions ['cmake', 'python']
[0.665s] Level 1:colcon.colcon_core.package_identification:_identify(robot_config/manipulators) by extension 'cmake'
[0.666s] Level 1:colcon.colcon_core.package_identification:_identify(robot_config/manipulators) by extension 'python'
[0.666s] Level 1:colcon.colcon_core.package_identification:_identify(robot_config/manipulators) by extensions ['python_setup_py']
[0.666s] Level 1:colcon.colcon_core.package_identification:_identify(robot_config/manipulators) by extension 'python_setup_py'
[0.666s] Level 1:colcon.colcon_core.package_identification:_identify(robot_config/manipulators/config) by extensions ['ignore', 'ignore_ament_install']
[0.667s] Level 1:colcon.colcon_core.package_identification:_identify(robot_config/manipulators/config) by extension 'ignore'
[0.667s] Level 1:colcon.colcon_core.package_identification:_identify(robot_config/manipulators/config) by extension 'ignore_ament_install'
[0.667s] Level 1:colcon.colcon_core.package_identification:_identify(robot_config/manipulators/config) by extensions ['colcon_pkg']
[0.667s] Level 1:colcon.colcon_core.package_identification:_identify(robot_config/manipulators/config) by extension 'colcon_pkg'
[0.667s] Level 1:colcon.colcon_core.package_identification:_identify(robot_config/manipulators/config) by extensions ['colcon_meta']
[0.667s] Level 1:colcon.colcon_core.package_identification:_identify(robot_config/manipulators/config) by extension 'colcon_meta'
[0.667s] Level 1:colcon.colcon_core.package_identification:_identify(robot_config/manipulators/config) by extensions ['ros']
[0.668s] Level 1:colcon.colcon_core.package_identification:_identify(robot_config/manipulators/config) by extension 'ros'
[0.668s] Level 1:colcon.colcon_core.package_identification:_identify(robot_config/manipulators/config) by extensions ['cmake', 'python']
[0.668s] Level 1:colcon.colcon_core.package_identification:_identify(robot_config/manipulators/config) by extension 'cmake'
[0.668s] Level 1:colcon.colcon_core.package_identification:_identify(robot_config/manipulators/config) by extension 'python'
[0.668s] Level 1:colcon.colcon_core.package_identification:_identify(robot_config/manipulators/config) by extensions ['python_setup_py']
[0.668s] Level 1:colcon.colcon_core.package_identification:_identify(robot_config/manipulators/config) by extension 'python_setup_py'
[0.669s] Level 1:colcon.colcon_core.package_identification:_identify(robot_config/manipulators/launch) by extensions ['ignore', 'ignore_ament_install']
[0.669s] Level 1:colcon.colcon_core.package_identification:_identify(robot_config/manipulators/launch) by extension 'ignore'
[0.669s] Level 1:colcon.colcon_core.package_identification:_identify(robot_config/manipulators/launch) by extension 'ignore_ament_install'
[0.669s] Level 1:colcon.colcon_core.package_identification:_identify(robot_config/manipulators/launch) by extensions ['colcon_pkg']
[0.669s] Level 1:colcon.colcon_core.package_identification:_identify(robot_config/manipulators/launch) by extension 'colcon_pkg'
[0.669s] Level 1:colcon.colcon_core.package_identification:_identify(robot_config/manipulators/launch) by extensions ['colcon_meta']
[0.669s] Level 1:colcon.colcon_core.package_identification:_identify(robot_config/manipulators/launch) by extension 'colcon_meta'
[0.670s] Level 1:colcon.colcon_core.package_identification:_identify(robot_config/manipulators/launch) by extensions ['ros']
[0.670s] Level 1:colcon.colcon_core.package_identification:_identify(robot_config/manipulators/launch) by extension 'ros'
[0.670s] Level 1:colcon.colcon_core.package_identification:_identify(robot_config/manipulators/launch) by extensions ['cmake', 'python']
[0.670s] Level 1:colcon.colcon_core.package_identification:_identify(robot_config/manipulators/launch) by extension 'cmake'
[0.670s] Level 1:colcon.colcon_core.package_identification:_identify(robot_config/manipulators/launch) by extension 'python'
[0.670s] Level 1:colcon.colcon_core.package_identification:_identify(robot_config/manipulators/launch) by extensions ['python_setup_py']
[0.670s] Level 1:colcon.colcon_core.package_identification:_identify(robot_config/manipulators/launch) by extension 'python_setup_py'
[0.671s] Level 1:colcon.colcon_core.package_identification:_identify(robot_config/manipulators/launch/__pycache__) by extensions ['ignore', 'ignore_ament_install']
[0.671s] Level 1:colcon.colcon_core.package_identification:_identify(robot_config/manipulators/launch/__pycache__) by extension 'ignore'
[0.671s] Level 1:colcon.colcon_core.package_identification:_identify(robot_config/manipulators/launch/__pycache__) by extension 'ignore_ament_install'
[0.671s] Level 1:colcon.colcon_core.package_identification:_identify(robot_config/manipulators/launch/__pycache__) by extensions ['colcon_pkg']
[0.671s] Level 1:colcon.colcon_core.package_identification:_identify(robot_config/manipulators/launch/__pycache__) by extension 'colcon_pkg'
[0.671s] Level 1:colcon.colcon_core.package_identification:_identify(robot_config/manipulators/launch/__pycache__) by extensions ['colcon_meta']
[0.671s] Level 1:colcon.colcon_core.package_identification:_identify(robot_config/manipulators/launch/__pycache__) by extension 'colcon_meta'
[0.671s] Level 1:colcon.colcon_core.package_identification:_identify(robot_config/manipulators/launch/__pycache__) by extensions ['ros']
[0.672s] Level 1:colcon.colcon_core.package_identification:_identify(robot_config/manipulators/launch/__pycache__) by extension 'ros'
[0.672s] Level 1:colcon.colcon_core.package_identification:_identify(robot_config/manipulators/launch/__pycache__) by extensions ['cmake', 'python']
[0.672s] Level 1:colcon.colcon_core.package_identification:_identify(robot_config/manipulators/launch/__pycache__) by extension 'cmake'
[0.672s] Level 1:colcon.colcon_core.package_identification:_identify(robot_config/manipulators/launch/__pycache__) by extension 'python'
[0.672s] Level 1:colcon.colcon_core.package_identification:_identify(robot_config/manipulators/launch/__pycache__) by extensions ['python_setup_py']
[0.672s] Level 1:colcon.colcon_core.package_identification:_identify(robot_config/manipulators/launch/__pycache__) by extension 'python_setup_py'
[0.672s] Level 1:colcon.colcon_core.package_identification:_identify(robot_config/platform) by extensions ['ignore', 'ignore_ament_install']
[0.673s] Level 1:colcon.colcon_core.package_identification:_identify(robot_config/platform) by extension 'ignore'
[0.673s] Level 1:colcon.colcon_core.package_identification:_identify(robot_config/platform) by extension 'ignore_ament_install'
[0.673s] Level 1:colcon.colcon_core.package_identification:_identify(robot_config/platform) by extensions ['colcon_pkg']
[0.673s] Level 1:colcon.colcon_core.package_identification:_identify(robot_config/platform) by extension 'colcon_pkg'
[0.673s] Level 1:colcon.colcon_core.package_identification:_identify(robot_config/platform) by extensions ['colcon_meta']
[0.673s] Level 1:colcon.colcon_core.package_identification:_identify(robot_config/platform) by extension 'colcon_meta'
[0.673s] Level 1:colcon.colcon_core.package_identification:_identify(robot_config/platform) by extensions ['ros']
[0.673s] Level 1:colcon.colcon_core.package_identification:_identify(robot_config/platform) by extension 'ros'
[0.673s] Level 1:colcon.colcon_core.package_identification:_identify(robot_config/platform) by extensions ['cmake', 'python']
[0.673s] Level 1:colcon.colcon_core.package_identification:_identify(robot_config/platform) by extension 'cmake'
[0.673s] Level 1:colcon.colcon_core.package_identification:_identify(robot_config/platform) by extension 'python'
[0.673s] Level 1:colcon.colcon_core.package_identification:_identify(robot_config/platform) by extensions ['python_setup_py']
[0.673s] Level 1:colcon.colcon_core.package_identification:_identify(robot_config/platform) by extension 'python_setup_py'
[0.674s] Level 1:colcon.colcon_core.package_identification:_identify(robot_config/platform/config) by extensions ['ignore', 'ignore_ament_install']
[0.674s] Level 1:colcon.colcon_core.package_identification:_identify(robot_config/platform/config) by extension 'ignore'
[0.674s] Level 1:colcon.colcon_core.package_identification:_identify(robot_config/platform/config) by extension 'ignore_ament_install'
[0.674s] Level 1:colcon.colcon_core.package_identification:_identify(robot_config/platform/config) by extensions ['colcon_pkg']
[0.674s] Level 1:colcon.colcon_core.package_identification:_identify(robot_config/platform/config) by extension 'colcon_pkg'
[0.674s] Level 1:colcon.colcon_core.package_identification:_identify(robot_config/platform/config) by extensions ['colcon_meta']
[0.674s] Level 1:colcon.colcon_core.package_identification:_identify(robot_config/platform/config) by extension 'colcon_meta'
[0.674s] Level 1:colcon.colcon_core.package_identification:_identify(robot_config/platform/config) by extensions ['ros']
[0.674s] Level 1:colcon.colcon_core.package_identification:_identify(robot_config/platform/config) by extension 'ros'
[0.675s] Level 1:colcon.colcon_core.package_identification:_identify(robot_config/platform/config) by extensions ['cmake', 'python']
[0.675s] Level 1:colcon.colcon_core.package_identification:_identify(robot_config/platform/config) by extension 'cmake'
[0.675s] Level 1:colcon.colcon_core.package_identification:_identify(robot_config/platform/config) by extension 'python'
[0.675s] Level 1:colcon.colcon_core.package_identification:_identify(robot_config/platform/config) by extensions ['python_setup_py']
[0.675s] Level 1:colcon.colcon_core.package_identification:_identify(robot_config/platform/config) by extension 'python_setup_py'
[0.675s] Level 1:colcon.colcon_core.package_identification:_identify(robot_config/platform/launch) by extensions ['ignore', 'ignore_ament_install']
[0.675s] Level 1:colcon.colcon_core.package_identification:_identify(robot_config/platform/launch) by extension 'ignore'
[0.675s] Level 1:colcon.colcon_core.package_identification:_identify(robot_config/platform/launch) by extension 'ignore_ament_install'
[0.675s] Level 1:colcon.colcon_core.package_identification:_identify(robot_config/platform/launch) by extensions ['colcon_pkg']
[0.675s] Level 1:colcon.colcon_core.package_identification:_identify(robot_config/platform/launch) by extension 'colcon_pkg'
[0.675s] Level 1:colcon.colcon_core.package_identification:_identify(robot_config/platform/launch) by extensions ['colcon_meta']
[0.675s] Level 1:colcon.colcon_core.package_identification:_identify(robot_config/platform/launch) by extension 'colcon_meta'
[0.676s] Level 1:colcon.colcon_core.package_identification:_identify(robot_config/platform/launch) by extensions ['ros']
[0.676s] Level 1:colcon.colcon_core.package_identification:_identify(robot_config/platform/launch) by extension 'ros'
[0.676s] Level 1:colcon.colcon_core.package_identification:_identify(robot_config/platform/launch) by extensions ['cmake', 'python']
[0.676s] Level 1:colcon.colcon_core.package_identification:_identify(robot_config/platform/launch) by extension 'cmake'
[0.676s] Level 1:colcon.colcon_core.package_identification:_identify(robot_config/platform/launch) by extension 'python'
[0.676s] Level 1:colcon.colcon_core.package_identification:_identify(robot_config/platform/launch) by extensions ['python_setup_py']
[0.676s] Level 1:colcon.colcon_core.package_identification:_identify(robot_config/platform/launch) by extension 'python_setup_py'
[0.676s] Level 1:colcon.colcon_core.package_identification:_identify(robot_config/platform/launch/__pycache__) by extensions ['ignore', 'ignore_ament_install']
[0.676s] Level 1:colcon.colcon_core.package_identification:_identify(robot_config/platform/launch/__pycache__) by extension 'ignore'
[0.676s] Level 1:colcon.colcon_core.package_identification:_identify(robot_config/platform/launch/__pycache__) by extension 'ignore_ament_install'
[0.676s] Level 1:colcon.colcon_core.package_identification:_identify(robot_config/platform/launch/__pycache__) by extensions ['colcon_pkg']
[0.677s] Level 1:colcon.colcon_core.package_identification:_identify(robot_config/platform/launch/__pycache__) by extension 'colcon_pkg'
[0.677s] Level 1:colcon.colcon_core.package_identification:_identify(robot_config/platform/launch/__pycache__) by extensions ['colcon_meta']
[0.677s] Level 1:colcon.colcon_core.package_identification:_identify(robot_config/platform/launch/__pycache__) by extension 'colcon_meta'
[0.677s] Level 1:colcon.colcon_core.package_identification:_identify(robot_config/platform/launch/__pycache__) by extensions ['ros']
[0.677s] Level 1:colcon.colcon_core.package_identification:_identify(robot_config/platform/launch/__pycache__) by extension 'ros'
[0.677s] Level 1:colcon.colcon_core.package_identification:_identify(robot_config/platform/launch/__pycache__) by extensions ['cmake', 'python']
[0.677s] Level 1:colcon.colcon_core.package_identification:_identify(robot_config/platform/launch/__pycache__) by extension 'cmake'
[0.677s] Level 1:colcon.colcon_core.package_identification:_identify(robot_config/platform/launch/__pycache__) by extension 'python'
[0.677s] Level 1:colcon.colcon_core.package_identification:_identify(robot_config/platform/launch/__pycache__) by extensions ['python_setup_py']
[0.677s] Level 1:colcon.colcon_core.package_identification:_identify(robot_config/platform/launch/__pycache__) by extension 'python_setup_py'
[0.677s] Level 1:colcon.colcon_core.package_identification:_identify(robot_config/sensors) by extensions ['ignore', 'ignore_ament_install']
[0.677s] Level 1:colcon.colcon_core.package_identification:_identify(robot_config/sensors) by extension 'ignore'
[0.678s] Level 1:colcon.colcon_core.package_identification:_identify(robot_config/sensors) by extension 'ignore_ament_install'
[0.678s] Level 1:colcon.colcon_core.package_identification:_identify(robot_config/sensors) by extensions ['colcon_pkg']
[0.678s] Level 1:colcon.colcon_core.package_identification:_identify(robot_config/sensors) by extension 'colcon_pkg'
[0.678s] Level 1:colcon.colcon_core.package_identification:_identify(robot_config/sensors) by extensions ['colcon_meta']
[0.678s] Level 1:colcon.colcon_core.package_identification:_identify(robot_config/sensors) by extension 'colcon_meta'
[0.678s] Level 1:colcon.colcon_core.package_identification:_identify(robot_config/sensors) by extensions ['ros']
[0.678s] Level 1:colcon.colcon_core.package_identification:_identify(robot_config/sensors) by extension 'ros'
[0.678s] Level 1:colcon.colcon_core.package_identification:_identify(robot_config/sensors) by extensions ['cmake', 'python']
[0.678s] Level 1:colcon.colcon_core.package_identification:_identify(robot_config/sensors) by extension 'cmake'
[0.678s] Level 1:colcon.colcon_core.package_identification:_identify(robot_config/sensors) by extension 'python'
[0.678s] Level 1:colcon.colcon_core.package_identification:_identify(robot_config/sensors) by extensions ['python_setup_py']
[0.678s] Level 1:colcon.colcon_core.package_identification:_identify(robot_config/sensors) by extension 'python_setup_py'
[0.678s] Level 1:colcon.colcon_core.package_identification:_identify(robot_config/sensors/config) by extensions ['ignore', 'ignore_ament_install']
[0.679s] Level 1:colcon.colcon_core.package_identification:_identify(robot_config/sensors/config) by extension 'ignore'
[0.679s] Level 1:colcon.colcon_core.package_identification:_identify(robot_config/sensors/config) by extension 'ignore_ament_install'
[0.679s] Level 1:colcon.colcon_core.package_identification:_identify(robot_config/sensors/config) by extensions ['colcon_pkg']
[0.679s] Level 1:colcon.colcon_core.package_identification:_identify(robot_config/sensors/config) by extension 'colcon_pkg'
[0.679s] Level 1:colcon.colcon_core.package_identification:_identify(robot_config/sensors/config) by extensions ['colcon_meta']
[0.679s] Level 1:colcon.colcon_core.package_identification:_identify(robot_config/sensors/config) by extension 'colcon_meta'
[0.679s] Level 1:colcon.colcon_core.package_identification:_identify(robot_config/sensors/config) by extensions ['ros']
[0.679s] Level 1:colcon.colcon_core.package_identification:_identify(robot_config/sensors/config) by extension 'ros'
[0.679s] Level 1:colcon.colcon_core.package_identification:_identify(robot_config/sensors/config) by extensions ['cmake', 'python']
[0.679s] Level 1:colcon.colcon_core.package_identification:_identify(robot_config/sensors/config) by extension 'cmake'
[0.679s] Level 1:colcon.colcon_core.package_identification:_identify(robot_config/sensors/config) by extension 'python'
[0.679s] Level 1:colcon.colcon_core.package_identification:_identify(robot_config/sensors/config) by extensions ['python_setup_py']
[0.679s] Level 1:colcon.colcon_core.package_identification:_identify(robot_config/sensors/config) by extension 'python_setup_py'
[0.680s] Level 1:colcon.colcon_core.package_identification:_identify(robot_config/sensors/launch) by extensions ['ignore', 'ignore_ament_install']
[0.680s] Level 1:colcon.colcon_core.package_identification:_identify(robot_config/sensors/launch) by extension 'ignore'
[0.680s] Level 1:colcon.colcon_core.package_identification:_identify(robot_config/sensors/launch) by extension 'ignore_ament_install'
[0.680s] Level 1:colcon.colcon_core.package_identification:_identify(robot_config/sensors/launch) by extensions ['colcon_pkg']
[0.680s] Level 1:colcon.colcon_core.package_identification:_identify(robot_config/sensors/launch) by extension 'colcon_pkg'
[0.680s] Level 1:colcon.colcon_core.package_identification:_identify(robot_config/sensors/launch) by extensions ['colcon_meta']
[0.680s] Level 1:colcon.colcon_core.package_identification:_identify(robot_config/sensors/launch) by extension 'colcon_meta'
[0.680s] Level 1:colcon.colcon_core.package_identification:_identify(robot_config/sensors/launch) by extensions ['ros']
[0.680s] Level 1:colcon.colcon_core.package_identification:_identify(robot_config/sensors/launch) by extension 'ros'
[0.680s] Level 1:colcon.colcon_core.package_identification:_identify(robot_config/sensors/launch) by extensions ['cmake', 'python']
[0.680s] Level 1:colcon.colcon_core.package_identification:_identify(robot_config/sensors/launch) by extension 'cmake'
[0.681s] Level 1:colcon.colcon_core.package_identification:_identify(robot_config/sensors/launch) by extension 'python'
[0.681s] Level 1:colcon.colcon_core.package_identification:_identify(robot_config/sensors/launch) by extensions ['python_setup_py']
[0.681s] Level 1:colcon.colcon_core.package_identification:_identify(robot_config/sensors/launch) by extension 'python_setup_py'
[0.681s] Level 1:colcon.colcon_core.package_identification:_identify(robot_config/sensors/launch/__pycache__) by extensions ['ignore', 'ignore_ament_install']
[0.681s] Level 1:colcon.colcon_core.package_identification:_identify(robot_config/sensors/launch/__pycache__) by extension 'ignore'
[0.681s] Level 1:colcon.colcon_core.package_identification:_identify(robot_config/sensors/launch/__pycache__) by extension 'ignore_ament_install'
[0.681s] Level 1:colcon.colcon_core.package_identification:_identify(robot_config/sensors/launch/__pycache__) by extensions ['colcon_pkg']
[0.681s] Level 1:colcon.colcon_core.package_identification:_identify(robot_config/sensors/launch/__pycache__) by extension 'colcon_pkg'
[0.681s] Level 1:colcon.colcon_core.package_identification:_identify(robot_config/sensors/launch/__pycache__) by extensions ['colcon_meta']
[0.681s] Level 1:colcon.colcon_core.package_identification:_identify(robot_config/sensors/launch/__pycache__) by extension 'colcon_meta'
[0.681s] Level 1:colcon.colcon_core.package_identification:_identify(robot_config/sensors/launch/__pycache__) by extensions ['ros']
[0.681s] Level 1:colcon.colcon_core.package_identification:_identify(robot_config/sensors/launch/__pycache__) by extension 'ros'
[0.682s] Level 1:colcon.colcon_core.package_identification:_identify(robot_config/sensors/launch/__pycache__) by extensions ['cmake', 'python']
[0.682s] Level 1:colcon.colcon_core.package_identification:_identify(robot_config/sensors/launch/__pycache__) by extension 'cmake'
[0.682s] Level 1:colcon.colcon_core.package_identification:_identify(robot_config/sensors/launch/__pycache__) by extension 'python'
[0.682s] Level 1:colcon.colcon_core.package_identification:_identify(robot_config/sensors/launch/__pycache__) by extensions ['python_setup_py']
[0.682s] Level 1:colcon.colcon_core.package_identification:_identify(robot_config/sensors/launch/__pycache__) by extension 'python_setup_py'
[0.682s] Level 1:colcon.colcon_core.package_identification:_identify(src) by extensions ['ignore', 'ignore_ament_install']
[0.682s] Level 1:colcon.colcon_core.package_identification:_identify(src) by extension 'ignore'
[0.682s] Level 1:colcon.colcon_core.package_identification:_identify(src) by extension 'ignore_ament_install'
[0.682s] Level 1:colcon.colcon_core.package_identification:_identify(src) by extensions ['colcon_pkg']
[0.682s] Level 1:colcon.colcon_core.package_identification:_identify(src) by extension 'colcon_pkg'
[0.682s] Level 1:colcon.colcon_core.package_identification:_identify(src) by extensions ['colcon_meta']
[0.682s] Level 1:colcon.colcon_core.package_identification:_identify(src) by extension 'colcon_meta'
[0.683s] Level 1:colcon.colcon_core.package_identification:_identify(src) by extensions ['ros']
[0.683s] Level 1:colcon.colcon_core.package_identification:_identify(src) by extension 'ros'
[0.683s] Level 1:colcon.colcon_core.package_identification:_identify(src) by extensions ['cmake', 'python']
[0.683s] Level 1:colcon.colcon_core.package_identification:_identify(src) by extension 'cmake'
[0.683s] Level 1:colcon.colcon_core.package_identification:_identify(src) by extension 'python'
[0.683s] Level 1:colcon.colcon_core.package_identification:_identify(src) by extensions ['python_setup_py']
[0.683s] Level 1:colcon.colcon_core.package_identification:_identify(src) by extension 'python_setup_py'
[0.683s] Level 1:colcon.colcon_core.package_identification:_identify(src/columbus_gz) by extensions ['ignore', 'ignore_ament_install']
[0.683s] Level 1:colcon.colcon_core.package_identification:_identify(src/columbus_gz) by extension 'ignore'
[0.683s] Level 1:colcon.colcon_core.package_identification:_identify(src/columbus_gz) by extension 'ignore_ament_install'
[0.683s] Level 1:colcon.colcon_core.package_identification:_identify(src/columbus_gz) by extensions ['colcon_pkg']
[0.684s] Level 1:colcon.colcon_core.package_identification:_identify(src/columbus_gz) by extension 'colcon_pkg'
[0.684s] Level 1:colcon.colcon_core.package_identification:_identify(src/columbus_gz) by extensions ['colcon_meta']
[0.684s] Level 1:colcon.colcon_core.package_identification:_identify(src/columbus_gz) by extension 'colcon_meta'
[0.684s] Level 1:colcon.colcon_core.package_identification:_identify(src/columbus_gz) by extensions ['ros']
[0.684s] Level 1:colcon.colcon_core.package_identification:_identify(src/columbus_gz) by extension 'ros'
[0.718s] DEBUG:colcon.colcon_core.package_identification:Package 'src/columbus_gz' with type 'ros.ament_cmake' and name 'columbus_gz'
[0.719s] Level 1:colcon.colcon_core.package_identification:_identify(src/columbus_viz) by extensions ['ignore', 'ignore_ament_install']
[0.719s] Level 1:colcon.colcon_core.package_identification:_identify(src/columbus_viz) by extension 'ignore'
[0.720s] Level 1:colcon.colcon_core.package_identification:_identify(src/columbus_viz) by extension 'ignore_ament_install'
[0.720s] Level 1:colcon.colcon_core.package_identification:_identify(src/columbus_viz) by extensions ['colcon_pkg']
[0.720s] Level 1:colcon.colcon_core.package_identification:_identify(src/columbus_viz) by extension 'colcon_pkg'
[0.720s] Level 1:colcon.colcon_core.package_identification:_identify(src/columbus_viz) by extensions ['colcon_meta']
[0.720s] Level 1:colcon.colcon_core.package_identification:_identify(src/columbus_viz) by extension 'colcon_meta'
[0.721s] Level 1:colcon.colcon_core.package_identification:_identify(src/columbus_viz) by extensions ['ros']
[0.721s] Level 1:colcon.colcon_core.package_identification:_identify(src/columbus_viz) by extension 'ros'
[0.722s] DEBUG:colcon.colcon_core.package_identification:Package 'src/columbus_viz' with type 'ros.ament_cmake' and name 'columbus_viz'
[0.723s] Level 1:colcon.colcon_core.package_identification:_identify(src/placeholder) by extensions ['ignore', 'ignore_ament_install']
[0.723s] Level 1:colcon.colcon_core.package_identification:_identify(src/placeholder) by extension 'ignore'
[0.723s] Level 1:colcon.colcon_core.package_identification:_identify(src/placeholder) by extension 'ignore_ament_install'
[0.723s] Level 1:colcon.colcon_core.package_identification:_identify(src/placeholder) by extensions ['colcon_pkg']
[0.724s] Level 1:colcon.colcon_core.package_identification:_identify(src/placeholder) by extension 'colcon_pkg'
[0.724s] Level 1:colcon.colcon_core.package_identification:_identify(src/placeholder) by extensions ['colcon_meta']
[0.724s] Level 1:colcon.colcon_core.package_identification:_identify(src/placeholder) by extension 'colcon_meta'
[0.724s] Level 1:colcon.colcon_core.package_identification:_identify(src/placeholder) by extensions ['ros']
[0.724s] Level 1:colcon.colcon_core.package_identification:_identify(src/placeholder) by extension 'ros'
[0.725s] Level 1:colcon.colcon_core.package_identification:_identify(src/placeholder) by extensions ['cmake', 'python']
[0.725s] Level 1:colcon.colcon_core.package_identification:_identify(src/placeholder) by extension 'cmake'
[0.725s] Level 1:colcon.colcon_core.package_identification:_identify(src/placeholder) by extension 'python'
[0.725s] Level 1:colcon.colcon_core.package_identification:_identify(src/placeholder) by extensions ['python_setup_py']
[0.725s] Level 1:colcon.colcon_core.package_identification:_identify(src/placeholder) by extension 'python_setup_py'
[0.726s] Level 1:colcon.colcon_core.package_discovery:discover_packages(recursive) using defaults
[0.726s] Level 1:colcon.colcon_core.package_discovery:discover_packages(ignore) discover
[0.726s] Level 1:colcon.colcon_core.package_discovery:discover_packages(ignore) using defaults
[0.726s] Level 1:colcon.colcon_core.package_discovery:discover_packages(path) discover
[0.726s] Level 1:colcon.colcon_core.package_discovery:discover_packages(path) using defaults
[0.766s] Level 1:colcon.colcon_core.package_discovery:discover_packages(prefix_path) check parameters
[0.766s] Level 1:colcon.colcon_core.package_discovery:discover_packages(prefix_path) discover
[0.770s] DEBUG:colcon.colcon_installed_package_information.package_discovery:Found 2 installed packages in /home/rover/Desktop/Robocolumbus2025/colombus_ws/install
[0.773s] DEBUG:colcon.colcon_installed_package_information.package_discovery:Found 521 installed packages in /opt/ros/humble
[0.778s] Level 1:colcon.colcon_core.package_discovery:discover_packages(prefix_path) using defaults
[0.885s] Level 5:colcon.colcon_core.verb:set package 'columbus_gz' build argument 'cmake_args' from command line to 'None'
[0.885s] Level 5:colcon.colcon_core.verb:set package 'columbus_gz' build argument 'cmake_target' from command line to 'None'
[0.886s] Level 5:colcon.colcon_core.verb:set package 'columbus_gz' build argument 'cmake_target_skip_unavailable' from command line to 'False'
[0.886s] Level 5:colcon.colcon_core.verb:set package 'columbus_gz' build argument 'cmake_clean_cache' from command line to 'False'
[0.886s] Level 5:colcon.colcon_core.verb:set package 'columbus_gz' build argument 'cmake_clean_first' from command line to 'False'
[0.886s] Level 5:colcon.colcon_core.verb:set package 'columbus_gz' build argument 'cmake_force_configure' from command line to 'False'
[0.886s] Level 5:colcon.colcon_core.verb:set package 'columbus_gz' build argument 'ament_cmake_args' from command line to 'None'
[0.887s] Level 5:colcon.colcon_core.verb:set package 'columbus_gz' build argument 'catkin_cmake_args' from command line to 'None'
[0.887s] Level 5:colcon.colcon_core.verb:set package 'columbus_gz' build argument 'catkin_skip_building_tests' from command line to 'False'
[0.887s] DEBUG:colcon.colcon_core.verb:Building package 'columbus_gz' with the following arguments: {'ament_cmake_args': None, 'build_base': '/home/rover/Desktop/Robocolumbus2025/colombus_ws/build/columbus_gz', 'catkin_cmake_args': None, 'catkin_skip_building_tests': False, 'cmake_args': None, 'cmake_clean_cache': False, 'cmake_clean_first': False, 'cmake_force_configure': False, 'cmake_target': None, 'cmake_target_skip_unavailable': False, 'install_base': '/home/rover/Desktop/Robocolumbus2025/colombus_ws/install/columbus_gz', 'merge_install': False, 'path': '/home/rover/Desktop/Robocolumbus2025/colombus_ws/src/columbus_gz', 'symlink_install': True, 'test_result_base': None}
[0.888s] Level 5:colcon.colcon_core.verb:set package 'columbus_viz' build argument 'cmake_args' from command line to 'None'
[0.888s] Level 5:colcon.colcon_core.verb:set package 'columbus_viz' build argument 'cmake_target' from command line to 'None'
[0.888s] Level 5:colcon.colcon_core.verb:set package 'columbus_viz' build argument 'cmake_target_skip_unavailable' from command line to 'False'
[0.888s] Level 5:colcon.colcon_core.verb:set package 'columbus_viz' build argument 'cmake_clean_cache' from command line to 'False'
[0.889s] Level 5:colcon.colcon_core.verb:set package 'columbus_viz' build argument 'cmake_clean_first' from command line to 'False'
[0.889s] Level 5:colcon.colcon_core.verb:set package 'columbus_viz' build argument 'cmake_force_configure' from command line to 'False'
[0.889s] Level 5:colcon.colcon_core.verb:set package 'columbus_viz' build argument 'ament_cmake_args' from command line to 'None'
[0.889s] Level 5:colcon.colcon_core.verb:set package 'columbus_viz' build argument 'catkin_cmake_args' from command line to 'None'
[0.889s] Level 5:colcon.colcon_core.verb:set package 'columbus_viz' build argument 'catkin_skip_building_tests' from command line to 'False'
[0.889s] DEBUG:colcon.colcon_core.verb:Building package 'columbus_viz' with the following arguments: {'ament_cmake_args': None, 'build_base': '/home/rover/Desktop/Robocolumbus2025/colombus_ws/build/columbus_viz', 'catkin_cmake_args': None, 'catkin_skip_building_tests': False, 'cmake_args': None, 'cmake_clean_cache': False, 'cmake_clean_first': False, 'cmake_force_configure': False, 'cmake_target': None, 'cmake_target_skip_unavailable': False, 'install_base': '/home/rover/Desktop/Robocolumbus2025/colombus_ws/install/columbus_viz', 'merge_install': False, 'path': '/home/rover/Desktop/Robocolumbus2025/colombus_ws/src/columbus_viz', 'symlink_install': True, 'test_result_base': None}
[0.890s] INFO:colcon.colcon_core.executor:Executing jobs using 'parallel' executor
[0.894s] DEBUG:colcon.colcon_parallel_executor.executor.parallel:run_until_complete
[0.894s] INFO:colcon.colcon_ros.task.ament_cmake.build:Building ROS package in '/home/rover/Desktop/Robocolumbus2025/colombus_ws/src/columbus_gz' with build type 'ament_cmake'
[0.895s] INFO:colcon.colcon_cmake.task.cmake.build:Building CMake package in '/home/rover/Desktop/Robocolumbus2025/colombus_ws/src/columbus_gz'
[0.902s] INFO:colcon.colcon_core.plugin_system:Skipping extension 'colcon_core.shell.bat': Not used on non-Windows systems
[0.903s] INFO:colcon.colcon_core.shell:Skip shell extension 'powershell' for command environment: Not usable outside of PowerShell
[0.903s] DEBUG:colcon.colcon_core.shell:Skip shell extension 'dsv' for command environment
[0.912s] INFO:colcon.colcon_ros.task.ament_cmake.build:Building ROS package in '/home/rover/Desktop/Robocolumbus2025/colombus_ws/src/columbus_viz' with build type 'ament_cmake'
[0.912s] INFO:colcon.colcon_cmake.task.cmake.build:Building CMake package in '/home/rover/Desktop/Robocolumbus2025/colombus_ws/src/columbus_viz'
[0.913s] INFO:colcon.colcon_core.shell:Skip shell extension 'powershell' for command environment: Not usable outside of PowerShell
[0.913s] DEBUG:colcon.colcon_core.shell:Skip shell extension 'dsv' for command environment
[0.939s] DEBUG:colcon.colcon_core.event_handler.log_command:Invoking command in '/home/rover/Desktop/Robocolumbus2025/colombus_ws/build/columbus_gz': CMAKE_PREFIX_PATH=${CMAKE_PREFIX_PATH}:/opt/ros/humble /usr/bin/cmake --build /home/rover/Desktop/Robocolumbus2025/colombus_ws/build/columbus_gz -- -j8 -l8
[0.941s] DEBUG:colcon.colcon_core.event_handler.log_command:Invoking command in '/home/rover/Desktop/Robocolumbus2025/colombus_ws/build/columbus_viz': CMAKE_PREFIX_PATH=${CMAKE_PREFIX_PATH}:/opt/ros/humble /usr/bin/cmake --build /home/rover/Desktop/Robocolumbus2025/colombus_ws/build/columbus_viz -- -j8 -l8
[1.036s] DEBUG:colcon.colcon_core.event_handler.log_command:Invoked command in '/home/rover/Desktop/Robocolumbus2025/colombus_ws/build/columbus_gz' returned '0': CMAKE_PREFIX_PATH=${CMAKE_PREFIX_PATH}:/opt/ros/humble /usr/bin/cmake --build /home/rover/Desktop/Robocolumbus2025/colombus_ws/build/columbus_gz -- -j8 -l8
[1.053s] DEBUG:colcon.colcon_core.event_handler.log_command:Invoking command in '/home/rover/Desktop/Robocolumbus2025/colombus_ws/build/columbus_gz': CMAKE_PREFIX_PATH=${CMAKE_PREFIX_PATH}:/opt/ros/humble /usr/bin/cmake --install /home/rover/Desktop/Robocolumbus2025/colombus_ws/build/columbus_gz
[1.060s] DEBUG:colcon.colcon_core.event_handler.log_command:Invoked command in '/home/rover/Desktop/Robocolumbus2025/colombus_ws/build/columbus_viz' returned '0': CMAKE_PREFIX_PATH=${CMAKE_PREFIX_PATH}:/opt/ros/humble /usr/bin/cmake --build /home/rover/Desktop/Robocolumbus2025/colombus_ws/build/columbus_viz -- -j8 -l8
[1.060s] DEBUG:colcon.colcon_core.event_handler.log_command:Invoking command in '/home/rover/Desktop/Robocolumbus2025/colombus_ws/build/columbus_viz': CMAKE_PREFIX_PATH=${CMAKE_PREFIX_PATH}:/opt/ros/humble /usr/bin/cmake --install /home/rover/Desktop/Robocolumbus2025/colombus_ws/build/columbus_viz
[1.093s] Level 1:colcon.colcon_core.environment:create_environment_scripts_only(columbus_gz)
[1.095s] DEBUG:colcon.colcon_core.event_handler.log_command:Invoked command in '/home/rover/Desktop/Robocolumbus2025/colombus_ws/build/columbus_gz' returned '0': CMAKE_PREFIX_PATH=${CMAKE_PREFIX_PATH}:/opt/ros/humble /usr/bin/cmake --install /home/rover/Desktop/Robocolumbus2025/colombus_ws/build/columbus_gz
[1.098s] Level 1:colcon.colcon_core.environment:checking '/home/rover/Desktop/Robocolumbus2025/colombus_ws/install/columbus_gz' for CMake module files
[1.100s] Level 1:colcon.colcon_core.environment:checking '/home/rover/Desktop/Robocolumbus2025/colombus_ws/install/columbus_gz' for CMake config files
[1.102s] Level 1:colcon.colcon_core.shell:create_environment_hook('columbus_gz', 'cmake_prefix_path')
[1.102s] INFO:colcon.colcon_core.shell:Creating environment hook '/home/rover/Desktop/Robocolumbus2025/colombus_ws/install/columbus_gz/share/columbus_gz/hook/cmake_prefix_path.ps1'
[1.105s] INFO:colcon.colcon_core.shell:Creating environment descriptor '/home/rover/Desktop/Robocolumbus2025/colombus_ws/install/columbus_gz/share/columbus_gz/hook/cmake_prefix_path.dsv'
[1.107s] INFO:colcon.colcon_core.shell:Creating environment hook '/home/rover/Desktop/Robocolumbus2025/colombus_ws/install/columbus_gz/share/columbus_gz/hook/cmake_prefix_path.sh'
[1.112s] Level 1:colcon.colcon_core.environment:checking '/home/rover/Desktop/Robocolumbus2025/colombus_ws/install/columbus_gz/bin'
[1.113s] Level 1:colcon.colcon_core.environment:checking '/home/rover/Desktop/Robocolumbus2025/colombus_ws/install/columbus_gz/lib/pkgconfig/columbus_gz.pc'
[1.113s] Level 1:colcon.colcon_core.environment:checking '/home/rover/Desktop/Robocolumbus2025/colombus_ws/install/columbus_gz/lib/python3.10/site-packages'
[1.113s] Level 1:colcon.colcon_core.environment:checking '/home/rover/Desktop/Robocolumbus2025/colombus_ws/install/columbus_gz/bin'
[1.114s] INFO:colcon.colcon_core.shell:Creating package script '/home/rover/Desktop/Robocolumbus2025/colombus_ws/install/columbus_gz/share/columbus_gz/package.ps1'
[1.117s] INFO:colcon.colcon_core.shell:Creating package descriptor '/home/rover/Desktop/Robocolumbus2025/colombus_ws/install/columbus_gz/share/columbus_gz/package.dsv'
[1.119s] INFO:colcon.colcon_core.shell:Creating package script '/home/rover/Desktop/Robocolumbus2025/colombus_ws/install/columbus_gz/share/columbus_gz/package.sh'
[1.121s] INFO:colcon.colcon_core.shell:Creating package script '/home/rover/Desktop/Robocolumbus2025/colombus_ws/install/columbus_gz/share/columbus_gz/package.bash'
[1.123s] INFO:colcon.colcon_core.shell:Creating package script '/home/rover/Desktop/Robocolumbus2025/colombus_ws/install/columbus_gz/share/columbus_gz/package.zsh'
[1.124s] Level 1:colcon.colcon_core.environment:create_file_with_runtime_dependencies(/home/rover/Desktop/Robocolumbus2025/colombus_ws/install/columbus_gz/share/colcon-core/packages/columbus_gz)
[1.125s] Level 1:colcon.colcon_core.environment:create_environment_scripts_only(columbus_gz)
[1.126s] Level 1:colcon.colcon_core.environment:checking '/home/rover/Desktop/Robocolumbus2025/colombus_ws/install/columbus_gz' for CMake module files
[1.127s] Level 1:colcon.colcon_core.environment:checking '/home/rover/Desktop/Robocolumbus2025/colombus_ws/install/columbus_gz' for CMake config files
[1.127s] Level 1:colcon.colcon_core.shell:create_environment_hook('columbus_gz', 'cmake_prefix_path')
[1.128s] INFO:colcon.colcon_core.shell:Creating environment hook '/home/rover/Desktop/Robocolumbus2025/colombus_ws/install/columbus_gz/share/columbus_gz/hook/cmake_prefix_path.ps1'
[1.130s] INFO:colcon.colcon_core.shell:Creating environment descriptor '/home/rover/Desktop/Robocolumbus2025/colombus_ws/install/columbus_gz/share/columbus_gz/hook/cmake_prefix_path.dsv'
[1.131s] INFO:colcon.colcon_core.shell:Creating environment hook '/home/rover/Desktop/Robocolumbus2025/colombus_ws/install/columbus_gz/share/columbus_gz/hook/cmake_prefix_path.sh'
[1.132s] Level 1:colcon.colcon_core.environment:checking '/home/rover/Desktop/Robocolumbus2025/colombus_ws/install/columbus_gz/bin'
[1.133s] Level 1:colcon.colcon_core.environment:checking '/home/rover/Desktop/Robocolumbus2025/colombus_ws/install/columbus_gz/lib/pkgconfig/columbus_gz.pc'
[1.133s] Level 1:colcon.colcon_core.environment:checking '/home/rover/Desktop/Robocolumbus2025/colombus_ws/install/columbus_gz/lib/python3.10/site-packages'
[1.133s] Level 1:colcon.colcon_core.environment:checking '/home/rover/Desktop/Robocolumbus2025/colombus_ws/install/columbus_gz/bin'
[1.135s] INFO:colcon.colcon_core.shell:Creating package script '/home/rover/Desktop/Robocolumbus2025/colombus_ws/install/columbus_gz/share/columbus_gz/package.ps1'
[1.137s] INFO:colcon.colcon_core.shell:Creating package descriptor '/home/rover/Desktop/Robocolumbus2025/colombus_ws/install/columbus_gz/share/columbus_gz/package.dsv'
[1.139s] INFO:colcon.colcon_core.shell:Creating package script '/home/rover/Desktop/Robocolumbus2025/colombus_ws/install/columbus_gz/share/columbus_gz/package.sh'
[1.140s] INFO:colcon.colcon_core.shell:Creating package script '/home/rover/Desktop/Robocolumbus2025/colombus_ws/install/columbus_gz/share/columbus_gz/package.bash'
[1.141s] INFO:colcon.colcon_core.shell:Creating package script '/home/rover/Desktop/Robocolumbus2025/colombus_ws/install/columbus_gz/share/columbus_gz/package.zsh'
[1.143s] Level 1:colcon.colcon_core.environment:create_file_with_runtime_dependencies(/home/rover/Desktop/Robocolumbus2025/colombus_ws/install/columbus_gz/share/colcon-core/packages/columbus_gz)
[1.147s] Level 1:colcon.colcon_core.environment:create_environment_scripts_only(columbus_viz)
[1.148s] Level 1:colcon.colcon_core.environment:checking '/home/rover/Desktop/Robocolumbus2025/colombus_ws/install/columbus_viz' for CMake module files
[1.148s] DEBUG:colcon.colcon_core.event_handler.log_command:Invoked command in '/home/rover/Desktop/Robocolumbus2025/colombus_ws/build/columbus_viz' returned '0': CMAKE_PREFIX_PATH=${CMAKE_PREFIX_PATH}:/opt/ros/humble /usr/bin/cmake --install /home/rover/Desktop/Robocolumbus2025/colombus_ws/build/columbus_viz
[1.149s] Level 1:colcon.colcon_core.environment:checking '/home/rover/Desktop/Robocolumbus2025/colombus_ws/install/columbus_viz' for CMake config files
[1.150s] Level 1:colcon.colcon_core.shell:create_environment_hook('columbus_viz', 'cmake_prefix_path')
[1.150s] INFO:colcon.colcon_core.shell:Creating environment hook '/home/rover/Desktop/Robocolumbus2025/colombus_ws/install/columbus_viz/share/columbus_viz/hook/cmake_prefix_path.ps1'
[1.152s] INFO:colcon.colcon_core.shell:Creating environment descriptor '/home/rover/Desktop/Robocolumbus2025/colombus_ws/install/columbus_viz/share/columbus_viz/hook/cmake_prefix_path.dsv'
[1.153s] INFO:colcon.colcon_core.shell:Creating environment hook '/home/rover/Desktop/Robocolumbus2025/colombus_ws/install/columbus_viz/share/columbus_viz/hook/cmake_prefix_path.sh'
[1.154s] Level 1:colcon.colcon_core.environment:checking '/home/rover/Desktop/Robocolumbus2025/colombus_ws/install/columbus_viz/bin'
[1.154s] Level 1:colcon.colcon_core.environment:checking '/home/rover/Desktop/Robocolumbus2025/colombus_ws/install/columbus_viz/lib/pkgconfig/columbus_viz.pc'
[1.155s] Level 1:colcon.colcon_core.environment:checking '/home/rover/Desktop/Robocolumbus2025/colombus_ws/install/columbus_viz/lib/python3.10/site-packages'
[1.155s] Level 1:colcon.colcon_core.environment:checking '/home/rover/Desktop/Robocolumbus2025/colombus_ws/install/columbus_viz/bin'
[1.156s] INFO:colcon.colcon_core.shell:Creating package script '/home/rover/Desktop/Robocolumbus2025/colombus_ws/install/columbus_viz/share/columbus_viz/package.ps1'
[1.157s] INFO:colcon.colcon_core.shell:Creating package descriptor '/home/rover/Desktop/Robocolumbus2025/colombus_ws/install/columbus_viz/share/columbus_viz/package.dsv'
[1.158s] INFO:colcon.colcon_core.shell:Creating package script '/home/rover/Desktop/Robocolumbus2025/colombus_ws/install/columbus_viz/share/columbus_viz/package.sh'
[1.159s] INFO:colcon.colcon_core.shell:Creating package script '/home/rover/Desktop/Robocolumbus2025/colombus_ws/install/columbus_viz/share/columbus_viz/package.bash'
[1.160s] INFO:colcon.colcon_core.shell:Creating package script '/home/rover/Desktop/Robocolumbus2025/colombus_ws/install/columbus_viz/share/columbus_viz/package.zsh'
[1.161s] Level 1:colcon.colcon_core.environment:create_file_with_runtime_dependencies(/home/rover/Desktop/Robocolumbus2025/colombus_ws/install/columbus_viz/share/colcon-core/packages/columbus_viz)
[1.162s] Level 1:colcon.colcon_core.environment:create_environment_scripts_only(columbus_viz)
[1.162s] Level 1:colcon.colcon_core.environment:checking '/home/rover/Desktop/Robocolumbus2025/colombus_ws/install/columbus_viz' for CMake module files
[1.163s] Level 1:colcon.colcon_core.environment:checking '/home/rover/Desktop/Robocolumbus2025/colombus_ws/install/columbus_viz' for CMake config files
[1.164s] Level 1:colcon.colcon_core.shell:create_environment_hook('columbus_viz', 'cmake_prefix_path')
[1.164s] INFO:colcon.colcon_core.shell:Creating environment hook '/home/rover/Desktop/Robocolumbus2025/colombus_ws/install/columbus_viz/share/columbus_viz/hook/cmake_prefix_path.ps1'
[1.165s] INFO:colcon.colcon_core.shell:Creating environment descriptor '/home/rover/Desktop/Robocolumbus2025/colombus_ws/install/columbus_viz/share/columbus_viz/hook/cmake_prefix_path.dsv'
[1.166s] INFO:colcon.colcon_core.shell:Creating environment hook '/home/rover/Desktop/Robocolumbus2025/colombus_ws/install/columbus_viz/share/columbus_viz/hook/cmake_prefix_path.sh'
[1.167s] Level 1:colcon.colcon_core.environment:checking '/home/rover/Desktop/Robocolumbus2025/colombus_ws/install/columbus_viz/bin'
[1.167s] Level 1:colcon.colcon_core.environment:checking '/home/rover/Desktop/Robocolumbus2025/colombus_ws/install/columbus_viz/lib/pkgconfig/columbus_viz.pc'
[1.167s] Level 1:colcon.colcon_core.environment:checking '/home/rover/Desktop/Robocolumbus2025/colombus_ws/install/columbus_viz/lib/python3.10/site-packages'
[1.168s] Level 1:colcon.colcon_core.environment:checking '/home/rover/Desktop/Robocolumbus2025/colombus_ws/install/columbus_viz/bin'
[1.168s] INFO:colcon.colcon_core.shell:Creating package script '/home/rover/Desktop/Robocolumbus2025/colombus_ws/install/columbus_viz/share/columbus_viz/package.ps1'
[1.170s] INFO:colcon.colcon_core.shell:Creating package descriptor '/home/rover/Desktop/Robocolumbus2025/colombus_ws/install/columbus_viz/share/columbus_viz/package.dsv'
[1.171s] INFO:colcon.colcon_core.shell:Creating package script '/home/rover/Desktop/Robocolumbus2025/colombus_ws/install/columbus_viz/share/columbus_viz/package.sh'
[1.172s] INFO:colcon.colcon_core.shell:Creating package script '/home/rover/Desktop/Robocolumbus2025/colombus_ws/install/columbus_viz/share/columbus_viz/package.bash'
[1.174s] INFO:colcon.colcon_core.shell:Creating package script '/home/rover/Desktop/Robocolumbus2025/colombus_ws/install/columbus_viz/share/columbus_viz/package.zsh'
[1.176s] Level 1:colcon.colcon_core.environment:create_file_with_runtime_dependencies(/home/rover/Desktop/Robocolumbus2025/colombus_ws/install/columbus_viz/share/colcon-core/packages/columbus_viz)
[1.177s] DEBUG:colcon.colcon_parallel_executor.executor.parallel:closing loop
[1.178s] DEBUG:colcon.colcon_parallel_executor.executor.parallel:loop closed
[1.178s] DEBUG:colcon.colcon_parallel_executor.executor.parallel:run_until_complete finished with '0'
[1.178s] DEBUG:colcon.colcon_core.event_reactor:joining thread
[1.190s] INFO:colcon.colcon_core.plugin_system:Skipping extension 'colcon_notification.desktop_notification.terminal_notifier': Not used on non-Darwin systems
[1.190s] INFO:colcon.colcon_core.plugin_system:Skipping extension 'colcon_notification.desktop_notification.win32': Not used on non-Windows systems
[1.190s] INFO:colcon.colcon_notification.desktop_notification:Sending desktop notification using 'notify2'
[1.252s] DEBUG:colcon.colcon_core.event_reactor:joined thread
[1.253s] INFO:colcon.colcon_core.shell:Creating prefix script '/home/rover/Desktop/Robocolumbus2025/colombus_ws/install/local_setup.ps1'
[1.255s] INFO:colcon.colcon_core.shell:Creating prefix util module '/home/rover/Desktop/Robocolumbus2025/colombus_ws/install/_local_setup_util_ps1.py'
[1.258s] INFO:colcon.colcon_core.shell:Creating prefix chain script '/home/rover/Desktop/Robocolumbus2025/colombus_ws/install/setup.ps1'
[1.261s] INFO:colcon.colcon_core.shell:Creating prefix script '/home/rover/Desktop/Robocolumbus2025/colombus_ws/install/local_setup.sh'
[1.265s] INFO:colcon.colcon_core.shell:Creating prefix util module '/home/rover/Desktop/Robocolumbus2025/colombus_ws/install/_local_setup_util_sh.py'
[1.266s] INFO:colcon.colcon_core.shell:Creating prefix chain script '/home/rover/Desktop/Robocolumbus2025/colombus_ws/install/setup.sh'
[1.269s] INFO:colcon.colcon_core.shell:Creating prefix script '/home/rover/Desktop/Robocolumbus2025/colombus_ws/install/local_setup.bash'
[1.270s] INFO:colcon.colcon_core.shell:Creating prefix chain script '/home/rover/Desktop/Robocolumbus2025/colombus_ws/install/setup.bash'
[1.272s] INFO:colcon.colcon_core.shell:Creating prefix script '/home/rover/Desktop/Robocolumbus2025/colombus_ws/install/local_setup.zsh'
[1.273s] INFO:colcon.colcon_core.shell:Creating prefix chain script '/home/rover/Desktop/Robocolumbus2025/colombus_ws/install/setup.zsh'
