[0.052s] Invoking command in '/home/rover/Desktop/Robocolumbus2025/colombus_ws/build/columbus_gz': CMAKE_PREFIX_PATH=${CMAKE_PREFIX_PATH}:/opt/ros/humble /usr/bin/cmake --build /home/rover/Desktop/Robocolumbus2025/colombus_ws/build/columbus_gz -- -j8 -l8
[0.182s] Invoked command in '/home/rover/Desktop/Robocolumbus2025/colombus_ws/build/columbus_gz' returned '0': CMAKE_PREFIX_PATH=${CMAKE_PREFIX_PATH}:/opt/ros/humble /usr/bin/cmake --build /home/rover/Desktop/Robocolumbus2025/colombus_ws/build/columbus_gz -- -j8 -l8
[0.182s] Invoking command in '/home/rover/Desktop/Robocolumbus2025/colombus_ws/build/columbus_gz': CMAKE_PREFIX_PATH=${CMAKE_PREFIX_PATH}:/opt/ros/humble /usr/bin/cmake --install /home/rover/Desktop/Robocolumbus2025/colombus_ws/build/columbus_gz
[0.196s] -- Install configuration: ""
[0.196s] -- Execute custom install script
[0.197s] -- Up-to-date symlink: /home/rover/Desktop/Robocolumbus2025/colombus_ws/install/columbus_gz/share/columbus_gz/launch/gz_sim.launch.py
[0.197s] -- Up-to-date symlink: /home/rover/Desktop/Robocolumbus2025/colombus_ws/install/columbus_gz/share/columbus_gz/launch/robot_spawn.launch.py
[0.197s] -- Up-to-date symlink: /home/rover/Desktop/Robocolumbus2025/colombus_ws/install/columbus_gz/share/columbus_gz/launch/simulation.launch.py
[0.198s] -- Up-to-date symlink: /home/rover/Desktop/Robocolumbus2025/colombus_ws/install/columbus_gz/share/columbus_gz/config/gui.config
[0.198s] -- Up-to-date symlink: /home/rover/Desktop/Robocolumbus2025/colombus_ws/install/columbus_gz/share/columbus_gz/worlds/garden.sdf
[0.198s] -- Up-to-date symlink: /home/rover/Desktop/Robocolumbus2025/colombus_ws/install/columbus_gz/share/columbus_gz/worlds/simple_baylands.sdf
[0.198s] -- Up-to-date symlink: /home/rover/Desktop/Robocolumbus2025/colombus_ws/install/columbus_gz/share/columbus_gz/worlds/warehouse.sdf
[0.199s] -- Up-to-date symlink: /home/rover/Desktop/Robocolumbus2025/colombus_ws/install/columbus_gz/share/ament_index/resource_index/package_run_dependencies/columbus_gz
[0.199s] -- Up-to-date symlink: /home/rover/Desktop/Robocolumbus2025/colombus_ws/install/columbus_gz/share/ament_index/resource_index/parent_prefix_path/columbus_gz
[0.200s] -- Up-to-date symlink: /home/rover/Desktop/Robocolumbus2025/colombus_ws/install/columbus_gz/share/columbus_gz/environment/ament_prefix_path.sh
[0.200s] -- Up-to-date symlink: /home/rover/Desktop/Robocolumbus2025/colombus_ws/install/columbus_gz/share/columbus_gz/environment/ament_prefix_path.dsv
[0.202s] -- Up-to-date symlink: /home/rover/Desktop/Robocolumbus2025/colombus_ws/install/columbus_gz/share/columbus_gz/environment/path.sh
[0.202s] -- Up-to-date symlink: /home/rover/Desktop/Robocolumbus2025/colombus_ws/install/columbus_gz/share/columbus_gz/environment/path.dsv
[0.202s] -- Up-to-date symlink: /home/rover/Desktop/Robocolumbus2025/colombus_ws/install/columbus_gz/share/columbus_gz/local_setup.bash
[0.202s] -- Up-to-date symlink: /home/rover/Desktop/Robocolumbus2025/colombus_ws/install/columbus_gz/share/columbus_gz/local_setup.sh
[0.203s] -- Up-to-date symlink: /home/rover/Desktop/Robocolumbus2025/colombus_ws/install/columbus_gz/share/columbus_gz/local_setup.zsh
[0.203s] -- Up-to-date symlink: /home/rover/Desktop/Robocolumbus2025/colombus_ws/install/columbus_gz/share/columbus_gz/local_setup.dsv
[0.203s] -- Symlinking: /home/rover/Desktop/Robocolumbus2025/colombus_ws/install/columbus_gz/share/columbus_gz/package.dsv
[0.225s] -- Up-to-date symlink: /home/rover/Desktop/Robocolumbus2025/colombus_ws/install/columbus_gz/share/ament_index/resource_index/packages/columbus_gz
[0.225s] -- Up-to-date symlink: /home/rover/Desktop/Robocolumbus2025/colombus_ws/install/columbus_gz/share/columbus_gz/cmake/columbus_gzConfig.cmake
[0.226s] -- Up-to-date symlink: /home/rover/Desktop/Robocolumbus2025/colombus_ws/install/columbus_gz/share/columbus_gz/cmake/columbus_gzConfig-version.cmake
[0.226s] -- Up-to-date symlink: /home/rover/Desktop/Robocolumbus2025/colombus_ws/install/columbus_gz/share/columbus_gz/package.xml
[0.273s] Invoked command in '/home/rover/Desktop/Robocolumbus2025/colombus_ws/build/columbus_gz' returned '0': CMAKE_PREFIX_PATH=${CMAKE_PREFIX_PATH}:/opt/ros/humble /usr/bin/cmake --install /home/rover/Desktop/Robocolumbus2025/colombus_ws/build/columbus_gz
