-- Found ament_cmake: 1.3.12 (/opt/ros/humble/share/ament_cmake/cmake)
-- Override CMake install command with custom implementation using symlinks instead of copying resources
-- Configuring done
-- Generating done
-- Build files have been written to: /home/rover/Desktop/Robocolumbus2025/colombus_ws/build/columbus_gz
-- Install configuration: ""
-- Execute custom install script
-- Symlinking: /home/rover/Desktop/Robocolumbus2025/colombus_ws/install/columbus_gz/share/columbus_gz/launch/gz_sim.launch.py
-- Symlinking: /home/rover/Desktop/Robocolumbus2025/colombus_ws/install/columbus_gz/share/columbus_gz/launch/robot_spawn.launch.py
-- Symlinking: /home/rover/Desktop/Robocolumbus2025/colombus_ws/install/columbus_gz/share/columbus_gz/launch/simulation.launch.py
-- Symlinking: /home/rover/Desktop/Robocolumbus2025/colombus_ws/install/columbus_gz/share/columbus_gz/config/gui.config
-- Symlinking: /home/rover/Desktop/Robocolumbus2025/colombus_ws/install/columbus_gz/share/columbus_gz/worlds/garden.sdf
-- Symlinking: /home/rover/Desktop/Robocolumbus2025/colombus_ws/install/columbus_gz/share/columbus_gz/worlds/simple_baylands.sdf
-- Symlinking: /home/rover/Desktop/Robocolumbus2025/colombus_ws/install/columbus_gz/share/columbus_gz/worlds/warehouse.sdf
-- Up-to-date symlink: /home/rover/Desktop/Robocolumbus2025/colombus_ws/install/columbus_gz/share/ament_index/resource_index/package_run_dependencies/columbus_gz
-- Up-to-date symlink: /home/rover/Desktop/Robocolumbus2025/colombus_ws/install/columbus_gz/share/ament_index/resource_index/parent_prefix_path/columbus_gz
-- Up-to-date symlink: /home/rover/Desktop/Robocolumbus2025/colombus_ws/install/columbus_gz/share/columbus_gz/environment/ament_prefix_path.sh
-- Up-to-date symlink: /home/rover/Desktop/Robocolumbus2025/colombus_ws/install/columbus_gz/share/columbus_gz/environment/ament_prefix_path.dsv
-- Up-to-date symlink: /home/rover/Desktop/Robocolumbus2025/colombus_ws/install/columbus_gz/share/columbus_gz/environment/path.sh
-- Up-to-date symlink: /home/rover/Desktop/Robocolumbus2025/colombus_ws/install/columbus_gz/share/columbus_gz/environment/path.dsv
-- Up-to-date symlink: /home/rover/Desktop/Robocolumbus2025/colombus_ws/install/columbus_gz/share/columbus_gz/local_setup.bash
-- Up-to-date symlink: /home/rover/Desktop/Robocolumbus2025/colombus_ws/install/columbus_gz/share/columbus_gz/local_setup.sh
-- Up-to-date symlink: /home/rover/Desktop/Robocolumbus2025/colombus_ws/install/columbus_gz/share/columbus_gz/local_setup.zsh
-- Up-to-date symlink: /home/rover/Desktop/Robocolumbus2025/colombus_ws/install/columbus_gz/share/columbus_gz/local_setup.dsv
-- Symlinking: /home/rover/Desktop/Robocolumbus2025/colombus_ws/install/columbus_gz/share/columbus_gz/package.dsv
-- Up-to-date symlink: /home/rover/Desktop/Robocolumbus2025/colombus_ws/install/columbus_gz/share/ament_index/resource_index/packages/columbus_gz
-- Up-to-date symlink: /home/rover/Desktop/Robocolumbus2025/colombus_ws/install/columbus_gz/share/columbus_gz/cmake/columbus_gzConfig.cmake
-- Up-to-date symlink: /home/rover/Desktop/Robocolumbus2025/colombus_ws/install/columbus_gz/share/columbus_gz/cmake/columbus_gzConfig-version.cmake
-- Up-to-date symlink: /home/rover/Desktop/Robocolumbus2025/colombus_ws/install/columbus_gz/share/columbus_gz/package.xml
