[0.022s] Invoking command in '/home/rover/Desktop/Robocolumbus2025/colombus_ws/build/columbus_gz': CMAKE_PREFIX_PATH=${CMAKE_PREFIX_PATH}:/opt/ros/humble /usr/bin/cmake --build /home/rover/Desktop/Robocolumbus2025/colombus_ws/build/columbus_gz -- -j8 -l8
[0.065s] -- Found ament_cmake: 1.3.12 (/opt/ros/humble/share/ament_cmake/cmake)
[0.310s] -- Override CMake install command with custom implementation using symlinks instead of copying resources
[0.447s] -- Configuring done
[0.453s] -- Generating done
[0.456s] -- Build files have been written to: /home/rover/Desktop/Robocolumbus2025/colombus_ws/build/columbus_gz
[0.498s] Invoked command in '/home/rover/Desktop/Robocolumbus2025/colombus_ws/build/columbus_gz' returned '0': CMAKE_PREFIX_PATH=${CMAKE_PREFIX_PATH}:/opt/ros/humble /usr/bin/cmake --build /home/rover/Desktop/Robocolumbus2025/colombus_ws/build/columbus_gz -- -j8 -l8
[0.517s] Invoking command in '/home/rover/Desktop/Robocolumbus2025/colombus_ws/build/columbus_gz': CMAKE_PREFIX_PATH=${CMAKE_PREFIX_PATH}:/opt/ros/humble /usr/bin/cmake --install /home/rover/Desktop/Robocolumbus2025/colombus_ws/build/columbus_gz
[0.530s] -- Install configuration: ""
[0.530s] -- Execute custom install script
[0.531s] -- Symlinking: /home/rover/Desktop/Robocolumbus2025/colombus_ws/install/columbus_gz/share/columbus_gz/launch/gz_sim.launch.py
[0.547s] -- Symlinking: /home/rover/Desktop/Robocolumbus2025/colombus_ws/install/columbus_gz/share/columbus_gz/launch/robot_spawn.launch.py
[0.564s] -- Symlinking: /home/rover/Desktop/Robocolumbus2025/colombus_ws/install/columbus_gz/share/columbus_gz/launch/simulation.launch.py
[0.580s] -- Symlinking: /home/rover/Desktop/Robocolumbus2025/colombus_ws/install/columbus_gz/share/columbus_gz/config/gui.config
[0.602s] -- Symlinking: /home/rover/Desktop/Robocolumbus2025/colombus_ws/install/columbus_gz/share/columbus_gz/worlds/garden.sdf
[0.619s] -- Symlinking: /home/rover/Desktop/Robocolumbus2025/colombus_ws/install/columbus_gz/share/columbus_gz/worlds/simple_baylands.sdf
[0.634s] -- Symlinking: /home/rover/Desktop/Robocolumbus2025/colombus_ws/install/columbus_gz/share/columbus_gz/worlds/warehouse.sdf
[0.650s] -- Up-to-date symlink: /home/rover/Desktop/Robocolumbus2025/colombus_ws/install/columbus_gz/share/ament_index/resource_index/package_run_dependencies/columbus_gz
[0.650s] -- Up-to-date symlink: /home/rover/Desktop/Robocolumbus2025/colombus_ws/install/columbus_gz/share/ament_index/resource_index/parent_prefix_path/columbus_gz
[0.651s] -- Up-to-date symlink: /home/rover/Desktop/Robocolumbus2025/colombus_ws/install/columbus_gz/share/columbus_gz/environment/ament_prefix_path.sh
[0.651s] -- Up-to-date symlink: /home/rover/Desktop/Robocolumbus2025/colombus_ws/install/columbus_gz/share/columbus_gz/environment/ament_prefix_path.dsv
[0.651s] -- Up-to-date symlink: /home/rover/Desktop/Robocolumbus2025/colombus_ws/install/columbus_gz/share/columbus_gz/environment/path.sh
[0.651s] -- Up-to-date symlink: /home/rover/Desktop/Robocolumbus2025/colombus_ws/install/columbus_gz/share/columbus_gz/environment/path.dsv
[0.651s] -- Up-to-date symlink: /home/rover/Desktop/Robocolumbus2025/colombus_ws/install/columbus_gz/share/columbus_gz/local_setup.bash
[0.651s] -- Up-to-date symlink: /home/rover/Desktop/Robocolumbus2025/colombus_ws/install/columbus_gz/share/columbus_gz/local_setup.sh
[0.652s] -- Up-to-date symlink: /home/rover/Desktop/Robocolumbus2025/colombus_ws/install/columbus_gz/share/columbus_gz/local_setup.zsh
[0.652s] -- Up-to-date symlink: /home/rover/Desktop/Robocolumbus2025/colombus_ws/install/columbus_gz/share/columbus_gz/local_setup.dsv
[0.652s] -- Symlinking: /home/rover/Desktop/Robocolumbus2025/colombus_ws/install/columbus_gz/share/columbus_gz/package.dsv
[0.668s] -- Up-to-date symlink: /home/rover/Desktop/Robocolumbus2025/colombus_ws/install/columbus_gz/share/ament_index/resource_index/packages/columbus_gz
[0.669s] -- Up-to-date symlink: /home/rover/Desktop/Robocolumbus2025/colombus_ws/install/columbus_gz/share/columbus_gz/cmake/columbus_gzConfig.cmake
[0.669s] -- Up-to-date symlink: /home/rover/Desktop/Robocolumbus2025/colombus_ws/install/columbus_gz/share/columbus_gz/cmake/columbus_gzConfig-version.cmake
[0.669s] -- Up-to-date symlink: /home/rover/Desktop/Robocolumbus2025/colombus_ws/install/columbus_gz/share/columbus_gz/package.xml
[0.674s] Invoked command in '/home/rover/Desktop/Robocolumbus2025/colombus_ws/build/columbus_gz' returned '0': CMAKE_PREFIX_PATH=${CMAKE_PREFIX_PATH}:/opt/ros/humble /usr/bin/cmake --install /home/rover/Desktop/Robocolumbus2025/colombus_ws/build/columbus_gz
