-- The C compiler identification is GNU 11.4.0
-- The CXX compiler identification is GNU 11.4.0
-- Detecting C compiler ABI info
-- Detecting C compiler ABI info - done
-- Check for working C compiler: /usr/bin/cc - skipped
-- Detecting C compile features
-- Detecting C compile features - done
-- Detecting CXX compiler ABI info
-- Detecting CXX compiler ABI info - done
-- Check for working CXX compiler: /usr/bin/c++ - skipped
-- Detecting CXX compile features
-- Detecting CXX compile features - done
-- Found ament_cmake: 1.3.12 (/opt/ros/humble/share/ament_cmake/cmake)
-- Found Python3: /usr/bin/python3 (found version "3.10.12") found components: Interpreter 
-- Override CMake install command with custom implementation using symlinks instead of copying resources
-- Configuring done
-- Generating done
-- Build files have been written to: /home/rover/Desktop/Robocolumbus2025/colombus_ws/build/columbus_viz
-- Install configuration: ""
-- Execute custom install script
-- Symlinking: /home/rover/Desktop/Robocolumbus2025/colombus_ws/install/columbus_viz/share/columbus_viz/launch/view_diagnostics.launch.py
-- Symlinking: /home/rover/Desktop/Robocolumbus2025/colombus_ws/install/columbus_viz/share/columbus_viz/launch/view_model.launch.py
-- Symlinking: /home/rover/Desktop/Robocolumbus2025/colombus_ws/install/columbus_viz/share/columbus_viz/launch/view_moveit.launch.py
-- Symlinking: /home/rover/Desktop/Robocolumbus2025/colombus_ws/install/columbus_viz/share/columbus_viz/launch/view_navigation.launch.py
-- Symlinking: /home/rover/Desktop/Robocolumbus2025/colombus_ws/install/columbus_viz/share/columbus_viz/launch/view_robot.launch.py
-- Symlinking: /home/rover/Desktop/Robocolumbus2025/colombus_ws/install/columbus_viz/share/columbus_viz/rviz/model.rviz
-- Symlinking: /home/rover/Desktop/Robocolumbus2025/colombus_ws/install/columbus_viz/share/columbus_viz/rviz/moveit.rviz
-- Symlinking: /home/rover/Desktop/Robocolumbus2025/colombus_ws/install/columbus_viz/share/columbus_viz/rviz/nav2.rviz
-- Symlinking: /home/rover/Desktop/Robocolumbus2025/colombus_ws/install/columbus_viz/share/columbus_viz/rviz/robot.rviz
-- Symlinking: /home/rover/Desktop/Robocolumbus2025/colombus_ws/install/columbus_viz/share/ament_index/resource_index/package_run_dependencies/columbus_viz
-- Symlinking: /home/rover/Desktop/Robocolumbus2025/colombus_ws/install/columbus_viz/share/ament_index/resource_index/parent_prefix_path/columbus_viz
-- Symlinking: /home/rover/Desktop/Robocolumbus2025/colombus_ws/install/columbus_viz/share/columbus_viz/environment/ament_prefix_path.sh
-- Symlinking: /home/rover/Desktop/Robocolumbus2025/colombus_ws/install/columbus_viz/share/columbus_viz/environment/ament_prefix_path.dsv
-- Symlinking: /home/rover/Desktop/Robocolumbus2025/colombus_ws/install/columbus_viz/share/columbus_viz/environment/path.sh
-- Symlinking: /home/rover/Desktop/Robocolumbus2025/colombus_ws/install/columbus_viz/share/columbus_viz/environment/path.dsv
-- Symlinking: /home/rover/Desktop/Robocolumbus2025/colombus_ws/install/columbus_viz/share/columbus_viz/local_setup.bash
-- Symlinking: /home/rover/Desktop/Robocolumbus2025/colombus_ws/install/columbus_viz/share/columbus_viz/local_setup.sh
-- Symlinking: /home/rover/Desktop/Robocolumbus2025/colombus_ws/install/columbus_viz/share/columbus_viz/local_setup.zsh
-- Symlinking: /home/rover/Desktop/Robocolumbus2025/colombus_ws/install/columbus_viz/share/columbus_viz/local_setup.dsv
-- Symlinking: /home/rover/Desktop/Robocolumbus2025/colombus_ws/install/columbus_viz/share/columbus_viz/package.dsv
-- Symlinking: /home/rover/Desktop/Robocolumbus2025/colombus_ws/install/columbus_viz/share/ament_index/resource_index/packages/columbus_viz
-- Symlinking: /home/rover/Desktop/Robocolumbus2025/colombus_ws/install/columbus_viz/share/columbus_viz/cmake/columbus_vizConfig.cmake
-- Symlinking: /home/rover/Desktop/Robocolumbus2025/colombus_ws/install/columbus_viz/share/columbus_viz/cmake/columbus_vizConfig-version.cmake
-- Symlinking: /home/rover/Desktop/Robocolumbus2025/colombus_ws/install/columbus_viz/share/columbus_viz/package.xml
