[0.028s] Invoking command in '/home/rover/Desktop/Robocolumbus2025/colombus_ws/build/columbus_viz': CMAKE_PREFIX_PATH=${CMAKE_PREFIX_PATH}:/opt/ros/humble /usr/bin/cmake /home/rover/Desktop/Robocolumbus2025/colombus_ws/src/columbus_viz -DAMENT_CMAKE_SYMLINK_INSTALL=1 -DCMAKE_INSTALL_PREFIX=/home/rover/Desktop/Robocolumbus2025/colombus_ws/install/columbus_viz
[0.135s] -- The C compiler identification is GNU 11.4.0
[0.241s] -- The CXX compiler identification is GNU 11.4.0
[0.256s] -- Detecting C compiler ABI info
[0.386s] -- Detecting C compiler ABI info - done
[0.396s] -- Check for working C compiler: /usr/bin/cc - skipped
[0.396s] -- Detecting C compile features
[0.397s] -- Detecting C compile features - done
[0.402s] -- Detecting CXX compiler ABI info
[0.568s] -- Detecting CXX compiler ABI info - done
[0.580s] -- Check for working CXX compiler: /usr/bin/c++ - skipped
[0.581s] -- Detecting CXX compile features
[0.582s] -- Detecting CXX compile features - done
[0.588s] -- Found ament_cmake: 1.3.12 (/opt/ros/humble/share/ament_cmake/cmake)
[0.890s] -- Found Python3: /usr/bin/python3 (found version "3.10.12") found components: Interpreter 
[1.016s] -- Override CMake install command with custom implementation using symlinks instead of copying resources
[1.214s] -- Configuring done
[1.220s] -- Generating done
[1.223s] -- Build files have been written to: /home/rover/Desktop/Robocolumbus2025/colombus_ws/build/columbus_viz
[1.236s] Invoked command in '/home/rover/Desktop/Robocolumbus2025/colombus_ws/build/columbus_viz' returned '0': CMAKE_PREFIX_PATH=${CMAKE_PREFIX_PATH}:/opt/ros/humble /usr/bin/cmake /home/rover/Desktop/Robocolumbus2025/colombus_ws/src/columbus_viz -DAMENT_CMAKE_SYMLINK_INSTALL=1 -DCMAKE_INSTALL_PREFIX=/home/rover/Desktop/Robocolumbus2025/colombus_ws/install/columbus_viz
[1.238s] Invoking command in '/home/rover/Desktop/Robocolumbus2025/colombus_ws/build/columbus_viz': CMAKE_PREFIX_PATH=${CMAKE_PREFIX_PATH}:/opt/ros/humble /usr/bin/cmake --build /home/rover/Desktop/Robocolumbus2025/colombus_ws/build/columbus_viz -- -j8 -l8
[1.304s] Invoked command in '/home/rover/Desktop/Robocolumbus2025/colombus_ws/build/columbus_viz' returned '0': CMAKE_PREFIX_PATH=${CMAKE_PREFIX_PATH}:/opt/ros/humble /usr/bin/cmake --build /home/rover/Desktop/Robocolumbus2025/colombus_ws/build/columbus_viz -- -j8 -l8
[1.307s] Invoking command in '/home/rover/Desktop/Robocolumbus2025/colombus_ws/build/columbus_viz': CMAKE_PREFIX_PATH=${CMAKE_PREFIX_PATH}:/opt/ros/humble /usr/bin/cmake --install /home/rover/Desktop/Robocolumbus2025/colombus_ws/build/columbus_viz
[1.320s] -- Install configuration: ""
[1.321s] -- Execute custom install script
[1.322s] -- Symlinking: /home/rover/Desktop/Robocolumbus2025/colombus_ws/install/columbus_viz/share/columbus_viz/launch/view_diagnostics.launch.py
[1.338s] -- Symlinking: /home/rover/Desktop/Robocolumbus2025/colombus_ws/install/columbus_viz/share/columbus_viz/launch/view_model.launch.py
[1.354s] -- Symlinking: /home/rover/Desktop/Robocolumbus2025/colombus_ws/install/columbus_viz/share/columbus_viz/launch/view_moveit.launch.py
[1.374s] -- Symlinking: /home/rover/Desktop/Robocolumbus2025/colombus_ws/install/columbus_viz/share/columbus_viz/launch/view_navigation.launch.py
[1.392s] -- Symlinking: /home/rover/Desktop/Robocolumbus2025/colombus_ws/install/columbus_viz/share/columbus_viz/launch/view_robot.launch.py
[1.414s] -- Symlinking: /home/rover/Desktop/Robocolumbus2025/colombus_ws/install/columbus_viz/share/columbus_viz/rviz/model.rviz
[1.433s] -- Symlinking: /home/rover/Desktop/Robocolumbus2025/colombus_ws/install/columbus_viz/share/columbus_viz/rviz/moveit.rviz
[1.449s] -- Symlinking: /home/rover/Desktop/Robocolumbus2025/colombus_ws/install/columbus_viz/share/columbus_viz/rviz/nav2.rviz
[1.465s] -- Symlinking: /home/rover/Desktop/Robocolumbus2025/colombus_ws/install/columbus_viz/share/columbus_viz/rviz/robot.rviz
[1.485s] -- Symlinking: /home/rover/Desktop/Robocolumbus2025/colombus_ws/install/columbus_viz/share/ament_index/resource_index/package_run_dependencies/columbus_viz
[1.503s] -- Symlinking: /home/rover/Desktop/Robocolumbus2025/colombus_ws/install/columbus_viz/share/ament_index/resource_index/parent_prefix_path/columbus_viz
[1.522s] -- Symlinking: /home/rover/Desktop/Robocolumbus2025/colombus_ws/install/columbus_viz/share/columbus_viz/environment/ament_prefix_path.sh
[1.542s] -- Symlinking: /home/rover/Desktop/Robocolumbus2025/colombus_ws/install/columbus_viz/share/columbus_viz/environment/ament_prefix_path.dsv
[1.558s] -- Symlinking: /home/rover/Desktop/Robocolumbus2025/colombus_ws/install/columbus_viz/share/columbus_viz/environment/path.sh
[1.574s] -- Symlinking: /home/rover/Desktop/Robocolumbus2025/colombus_ws/install/columbus_viz/share/columbus_viz/environment/path.dsv
[1.589s] -- Symlinking: /home/rover/Desktop/Robocolumbus2025/colombus_ws/install/columbus_viz/share/columbus_viz/local_setup.bash
[1.605s] -- Symlinking: /home/rover/Desktop/Robocolumbus2025/colombus_ws/install/columbus_viz/share/columbus_viz/local_setup.sh
[1.620s] -- Symlinking: /home/rover/Desktop/Robocolumbus2025/colombus_ws/install/columbus_viz/share/columbus_viz/local_setup.zsh
[1.637s] -- Symlinking: /home/rover/Desktop/Robocolumbus2025/colombus_ws/install/columbus_viz/share/columbus_viz/local_setup.dsv
[1.655s] -- Symlinking: /home/rover/Desktop/Robocolumbus2025/colombus_ws/install/columbus_viz/share/columbus_viz/package.dsv
[1.676s] -- Symlinking: /home/rover/Desktop/Robocolumbus2025/colombus_ws/install/columbus_viz/share/ament_index/resource_index/packages/columbus_viz
[1.695s] -- Symlinking: /home/rover/Desktop/Robocolumbus2025/colombus_ws/install/columbus_viz/share/columbus_viz/cmake/columbus_vizConfig.cmake
[1.714s] -- Symlinking: /home/rover/Desktop/Robocolumbus2025/colombus_ws/install/columbus_viz/share/columbus_viz/cmake/columbus_vizConfig-version.cmake
[1.731s] -- Symlinking: /home/rover/Desktop/Robocolumbus2025/colombus_ws/install/columbus_viz/share/columbus_viz/package.xml
[1.754s] Invoked command in '/home/rover/Desktop/Robocolumbus2025/colombus_ws/build/columbus_viz' returned '0': CMAKE_PREFIX_PATH=${CMAKE_PREFIX_PATH}:/opt/ros/humble /usr/bin/cmake --install /home/rover/Desktop/Robocolumbus2025/colombus_ws/build/columbus_viz
